  LoginWindow.cpp
  MyAccount.cpp
  MyBuddy.cpp
  MyCall.cpp
  Generating Code...
  .NETFramework,Version=v4.7.2.AssemblyAttributes.cpp
  LoginWindow.obj : MSIL module encountered; incremental linking is disabled for MSIL; performing full link
MyCall.obj : error LNK2020: unresolved token (0A0005D7) "public: __cdecl pj::TransportConfig::TransportConfig(void)" (??0TransportConfig@pj@@$$FQEAA@XZ)
MyAccount.obj : error LNK2020: unresolved token (0A0005CD) "public: __cdecl pj::TransportConfig::TransportConfig(void)" (??0TransportConfig@pj@@$$FQEAA@XZ)
LoginWindow.obj : error LNK2028: unresolved token (0A0005A0) "public: __cdecl pj::TransportConfig::TransportConfig(void)" (??0TransportConfig@pj@@$$FQEAA@XZ) referenced in function "public: void __clrcall TIPproj::LoginWindow::AppInit(void)" (?AppInit@LoginWindow@TIPproj@@$$FQE$AAMXXZ)
MyCall.obj : error LNK2020: unresolved token (0A0005D9) "public: void __cdecl pj::AudioMedia::adjustRxLevel(float)" (?adjustRxLevel@AudioMedia@pj@@$$FQEAAXM@Z)
MyAccount.obj : error LNK2028: unresolved token (0A0005CE) "public: void __cdecl pj::AudioMedia::adjustRxLevel(float)" (?adjustRxLevel@AudioMedia@pj@@$$FQEAAXM@Z) referenced in function "private: void __clrcall TIPproj::LoginWindow::Mute_button_Click(class System::Object ^,class System::EventArgs ^)" (?Mute_button_Click@LoginWindow@TIPproj@@$$FAE$AAMXPE$AAVObject@System@@PE$AAVEventArgs@4@@Z)
LoginWindow.obj : error LNK2028: unresolved token (0A0005A1) "public: void __cdecl pj::AudioMedia::adjustRxLevel(float)" (?adjustRxLevel@AudioMedia@pj@@$$FQEAAXM@Z) referenced in function "private: void __clrcall TIPproj::LoginWindow::Mute_button_Click(class System::Object ^,class System::EventArgs ^)" (?Mute_button_Click@LoginWindow@TIPproj@@$$FAE$AAMXPE$AAVObject@System@@PE$AAVEventArgs@4@@Z)
MyCall.obj : error LNK2020: unresolved token (0A0005DA) "public: void __cdecl pj::AudioMedia::adjustTxLevel(float)" (?adjustTxLevel@AudioMedia@pj@@$$FQEAAXM@Z)
MyAccount.obj : error LNK2020: unresolved token (0A0005CF) "public: void __cdecl pj::AudioMedia::adjustTxLevel(float)" (?adjustTxLevel@AudioMedia@pj@@$$FQEAAXM@Z)
LoginWindow.obj : error LNK2028: unresolved token (0A0005A2) "public: void __cdecl pj::AudioMedia::adjustTxLevel(float)" (?adjustTxLevel@AudioMedia@pj@@$$FQEAAXM@Z) referenced in function "private: void __clrcall TIPproj::LoginWindow::Deafen_button_Click(class System::Object ^,class System::EventArgs ^)" (?Deafen_button_Click@LoginWindow@TIPproj@@$$FAE$AAMXPE$AAVObject@System@@PE$AAVEventArgs@4@@Z)
MyCall.obj : error LNK2028: unresolved token (0A0005E6) "public: static class pj::Endpoint & __cdecl pj::Endpoint::instance(void)" (?instance@Endpoint@pj@@$$FSAAEAV12@XZ) referenced in function "public: __cdecl pj::EpConfig::EpConfig(void)" (??0EpConfig@pj@@$$FQEAA@XZ)
MyAccount.obj : error LNK2028: unresolved token (0A0005D9) "public: static class pj::Endpoint & __cdecl pj::Endpoint::instance(void)" (?instance@Endpoint@pj@@$$FSAAEAV12@XZ) referenced in function "public: __clrcall TIPproj::LoginWindow::LoginWindow(void)" (??0LoginWindow@TIPproj@@$$FQE$AAM@XZ)
LoginWindow.obj : error LNK2028: unresolved token (0A0005AC) "public: static class pj::Endpoint & __cdecl pj::Endpoint::instance(void)" (?instance@Endpoint@pj@@$$FSAAEAV12@XZ) referenced in function "public: __clrcall TIPproj::LoginWindow::LoginWindow(void)" (??0LoginWindow@TIPproj@@$$FQE$AAM@XZ)
LoginWindow.obj : error LNK2028: unresolved token (0A0005AD) "public: __cdecl pj::Endpoint::Endpoint(void)" (??0Endpoint@pj@@$$FQEAA@XZ) referenced in function "void __clrcall Main(cli::array<System::PE$AAVString >^)" (?Main@@$$FYMXP$01EAPE$AAVString@System@@@Z)
LoginWindow.obj : error LNK2028: unresolved token (0A0005AE) "public: virtual __cdecl pj::Endpoint::~Endpoint(void)" (??1Endpoint@pj@@$$FUEAA@XZ) referenced in function "void __clrcall Main(cli::array<System::PE$AAVString >^)" (?Main@@$$FYMXP$01EAPE$AAVString@System@@@Z)
LoginWindow.obj : error LNK2028: unresolved token (0A0005AF) "public: void __cdecl pj::Endpoint::libCreate(void)" (?libCreate@Endpoint@pj@@$$FQEAAXXZ) referenced in function "void __clrcall Main(cli::array<System::PE$AAVString >^)" (?Main@@$$FYMXP$01EAPE$AAVString@System@@@Z)
MyCall.obj : error LNK2020: unresolved token (0A0005E7) "public: void __cdecl pj::Endpoint::libInit(struct pj::EpConfig const &)" (?libInit@Endpoint@pj@@$$FQEAAXAEBUEpConfig@2@@Z)
MyAccount.obj : error LNK2028: unresolved token (0A0005DA) "public: void __cdecl pj::Endpoint::libInit(struct pj::EpConfig const &)" (?libInit@Endpoint@pj@@$$FQEAAXAEBUEpConfig@2@@Z) referenced in function "public: void __clrcall TIPproj::LoginWindow::AppInit(void)" (?AppInit@LoginWindow@TIPproj@@$$FQE$AAMXXZ)
LoginWindow.obj : error LNK2028: unresolved token (0A0005B0) "public: void __cdecl pj::Endpoint::libInit(struct pj::EpConfig const &)" (?libInit@Endpoint@pj@@$$FQEAAXAEBUEpConfig@2@@Z) referenced in function "public: void __clrcall TIPproj::LoginWindow::AppInit(void)" (?AppInit@LoginWindow@TIPproj@@$$FQE$AAMXXZ)
MyCall.obj : error LNK2028: unresolved token (0A0005E8) "public: void __cdecl pj::Endpoint::libStart(void)" (?libStart@Endpoint@pj@@$$FQEAAXXZ) referenced in function "public: void __clrcall TIPproj::LoginWindow::AppAddBuddy(class System::String ^)" (?AppAddBuddy@LoginWindow@TIPproj@@$$FQE$AAMXPE$AAVString@System@@@Z)
MyAccount.obj : error LNK2028: unresolved token (0A0005DB) "public: void __cdecl pj::Endpoint::libStart(void)" (?libStart@Endpoint@pj@@$$FQEAAXXZ) referenced in function "private: void __cdecl std::vector<struct pj::AuthCredInfo,class std::allocator<struct pj::AuthCredInfo> >::_Umove_if_noexcept(struct pj::AuthCredInfo *,struct pj::AuthCredInfo *,struct pj::AuthCredInfo *)" (?_Umove_if_noexcept@?$vector@UAuthCredInfo@pj@@V?$allocator@UAuthCredInfo@pj@@@std@@@std@@$$FAEAAXPEAUAuthCredInfo@pj@@00@Z)
LoginWindow.obj : error LNK2028: unresolved token (0A0005B1) "public: void __cdecl pj::Endpoint::libStart(void)" (?libStart@Endpoint@pj@@$$FQEAAXXZ) referenced in function "public: void __clrcall TIPproj::LoginWindow::AppInit(void)" (?AppInit@LoginWindow@TIPproj@@$$FQE$AAMXXZ)
MyCall.obj : error LNK2028: unresolved token (0A0005E9) "public: int __cdecl pj::Endpoint::transportCreate(enum pjsip_transport_type_e,struct pj::TransportConfig const &)" (?transportCreate@Endpoint@pj@@$$FQEAAHW4pjsip_transport_type_e@@AEBUTransportConfig@2@@Z) referenced in function "public: void __clrcall TIPproj::LoginWindow::AppInit(void)" (?AppInit@LoginWindow@TIPproj@@$$FQE$AAMXXZ)
MyAccount.obj : error LNK2028: unresolved token (0A0005DC) "public: int __cdecl pj::Endpoint::transportCreate(enum pjsip_transport_type_e,struct pj::TransportConfig const &)" (?transportCreate@Endpoint@pj@@$$FQEAAHW4pjsip_transport_type_e@@AEBUTransportConfig@2@@Z) referenced in function "public: void __clrcall TIPproj::LoginWindow::AppInit(void)" (?AppInit@LoginWindow@TIPproj@@$$FQE$AAMXXZ)
LoginWindow.obj : error LNK2028: unresolved token (0A0005B2) "public: int __cdecl pj::Endpoint::transportCreate(enum pjsip_transport_type_e,struct pj::TransportConfig const &)" (?transportCreate@Endpoint@pj@@$$FQEAAHW4pjsip_transport_type_e@@AEBUTransportConfig@2@@Z) referenced in function "public: void __clrcall TIPproj::LoginWindow::AppInit(void)" (?AppInit@LoginWindow@TIPproj@@$$FQE$AAMXXZ)
MyCall.obj : error LNK2020: unresolved token (0A0005EA) "public: void __cdecl pj::Endpoint::hangupAllCalls(void)" (?hangupAllCalls@Endpoint@pj@@$$FQEAAXXZ)
MyAccount.obj : error LNK2028: unresolved token (0A0005DD) "public: void __cdecl pj::Endpoint::hangupAllCalls(void)" (?hangupAllCalls@Endpoint@pj@@$$FQEAAXXZ) referenced in function "public: void __clrcall TIPproj::LoginWindow::AppMakeHangup(void)" (?AppMakeHangup@LoginWindow@TIPproj@@$$FQE$AAMXXZ)
LoginWindow.obj : error LNK2028: unresolved token (0A0005B3) "public: void __cdecl pj::Endpoint::hangupAllCalls(void)" (?hangupAllCalls@Endpoint@pj@@$$FQEAAXXZ) referenced in function "public: void __clrcall TIPproj::LoginWindow::AppMakeHangup(void)" (?AppMakeHangup@LoginWindow@TIPproj@@$$FQE$AAMXXZ)
MyCall.obj : error LNK2020: unresolved token (0A0005F3) "public: void __cdecl pj::Call::makeCall(class std::basic_string<char,struct std::char_traits<char>,class std::allocator<char> > const &,struct pj::CallOpParam const &)" (?makeCall@Call@pj@@$$FQEAAXAEBV?$basic_string@DU?$char_traits@D@std@@V?$allocator@D@2@@std@@AEBUCallOpParam@2@@Z)
MyAccount.obj : error LNK2020: unresolved token (0A0005E2) "public: void __cdecl pj::Call::makeCall(class std::basic_string<char,struct std::char_traits<char>,class std::allocator<char> > const &,struct pj::CallOpParam const &)" (?makeCall@Call@pj@@$$FQEAAXAEBV?$basic_string@DU?$char_traits@D@std@@V?$allocator@D@2@@std@@AEBUCallOpParam@2@@Z)
LoginWindow.obj : error LNK2028: unresolved token (0A0005B7) "public: void __cdecl pj::Call::makeCall(class std::basic_string<char,struct std::char_traits<char>,class std::allocator<char> > const &,struct pj::CallOpParam const &)" (?makeCall@Call@pj@@$$FQEAAXAEBV?$basic_string@DU?$char_traits@D@std@@V?$allocator@D@2@@std@@AEBUCallOpParam@2@@Z) referenced in function "public: void __clrcall TIPproj::LoginWindow::AppMakeCall(void)" (?AppMakeCall@LoginWindow@TIPproj@@$$FQE$AAMXXZ)
MyCall.obj : error LNK2020: unresolved token (0A0005F4) "public: void __cdecl pj::Call::setHold(struct pj::CallOpParam const &)" (?setHold@Call@pj@@$$FQEAAXAEBUCallOpParam@2@@Z)
MyAccount.obj : error LNK2028: unresolved token (0A0005E5) "public: void __cdecl pj::Call::setHold(struct pj::CallOpParam const &)" (?setHold@Call@pj@@$$FQEAAXAEBUCallOpParam@2@@Z) referenced in function "public: static void __cdecl std::_Default_allocator_traits<class std::allocator<struct pj::SipMultipartPart> >::destroy<struct pj::SipMultipartPart>(class std::allocator<struct pj::SipMultipartPart> &,struct pj::SipMultipartPart * const)" (??$destroy@USipMultipartPart@pj@@@?$_Default_allocator_traits@V?$allocator@USipMultipartPart@pj@@@std@@@std@@$$FSAXAEAV?$allocator@USipMultipartPart@pj@@@1@QEAUSipMultipartPart@pj@@@Z)
LoginWindow.obj : error LNK2028: unresolved token (0A0005B8) "public: void __cdecl pj::Call::setHold(struct pj::CallOpParam const &)" (?setHold@Call@pj@@$$FQEAAXAEBUCallOpParam@2@@Z) referenced in function __catch$?Hold_button_Click@LoginWindow@TIPproj@@$$FAE$AAMXPE$AAVObject@System@@PE$AAVEventArgs@4@@Z$3
MyCall.obj : error LNK2020: unresolved token (0A0005F5) "public: void __cdecl pj::Call::reinvite(struct pj::CallOpParam const &)" (?reinvite@Call@pj@@$$FQEAAXAEBUCallOpParam@2@@Z)
MyAccount.obj : error LNK2028: unresolved token (0A0005E6) "public: void __cdecl pj::Call::reinvite(struct pj::CallOpParam const &)" (?reinvite@Call@pj@@$$FQEAAXAEBUCallOpParam@2@@Z) referenced in function "private: void __clrcall TIPproj::LoginWindow::Hold_button_Click(class System::Object ^,class System::EventArgs ^)" (?Hold_button_Click@LoginWindow@TIPproj@@$$FAE$AAMXPE$AAVObject@System@@PE$AAVEventArgs@4@@Z)
LoginWindow.obj : error LNK2028: unresolved token (0A0005B9) "public: void __cdecl pj::Call::reinvite(struct pj::CallOpParam const &)" (?reinvite@Call@pj@@$$FQEAAXAEBUCallOpParam@2@@Z) referenced in function "private: void __clrcall TIPproj::LoginWindow::Hold_button_Click(class System::Object ^,class System::EventArgs ^)" (?Hold_button_Click@LoginWindow@TIPproj@@$$FAE$AAMXPE$AAVObject@System@@PE$AAVEventArgs@4@@Z)
MyCall.obj : error LNK2020: unresolved token (0A0005F8) "public: __cdecl pj::CallOpParam::CallOpParam(bool)" (??0CallOpParam@pj@@$$FQEAA@_N@Z)
MyAccount.obj : error LNK2028: unresolved token (0A0005E7) "public: __cdecl pj::CallOpParam::CallOpParam(bool)" (??0CallOpParam@pj@@$$FQEAA@_N@Z) referenced in function "public: virtual void __cdecl MyAccount::onIncomingCall(struct pj::OnIncomingCallParam &)" (?onIncomingCall@MyAccount@@$$FUEAAXAEAUOnIncomingCallParam@pj@@@Z)
LoginWindow.obj : error LNK2028: unresolved token (0A0005BA) "public: __cdecl pj::CallOpParam::CallOpParam(bool)" (??0CallOpParam@pj@@$$FQEAA@_N@Z) referenced in function "public: void __clrcall TIPproj::LoginWindow::AppMakeCall(void)" (?AppMakeCall@LoginWindow@TIPproj@@$$FQE$AAMXXZ)
MyCall.obj : error LNK2028: unresolved token (0A0005F9) "public: __cdecl pj::AuthCredInfo::AuthCredInfo(class std::basic_string<char,struct std::char_traits<char>,class std::allocator<char> > const &,class std::basic_string<char,struct std::char_traits<char>,class std::allocator<char> > const &,class std::basic_string<char,struct std::char_traits<char>,class std::allocator<char> > const &,int,class std::basic_string<char,struct std::char_traits<char>,class std::allocator<char> >)" (??0AuthCredInfo@pj@@$$FQEAA@AEBV?$basic_string@DU?$char_traits@D@std@@V?$allocator@D@2@@std@@00HV23@@Z) referenced in function "public: void __clrcall TIPproj::LoginWindow::AppRegister(void)" (?AppRegister@LoginWindow@TIPproj@@$$FQE$AAMXXZ)
MyAccount.obj : error LNK2020: unresolved token (0A0005E8) "public: __cdecl pj::AuthCredInfo::AuthCredInfo(class std::basic_string<char,struct std::char_traits<char>,class std::allocator<char> > const &,class std::basic_string<char,struct std::char_traits<char>,class std::allocator<char> > const &,class std::basic_string<char,struct std::char_traits<char>,class std::allocator<char> > const &,int,class std::basic_string<char,struct std::char_traits<char>,class std::allocator<char> >)" (??0AuthCredInfo@pj@@$$FQEAA@AEBV?$basic_string@DU?$char_traits@D@std@@V?$allocator@D@2@@std@@00HV23@@Z)
LoginWindow.obj : error LNK2028: unresolved token (0A0005BB) "public: __cdecl pj::AuthCredInfo::AuthCredInfo(class std::basic_string<char,struct std::char_traits<char>,class std::allocator<char> > const &,class std::basic_string<char,struct std::char_traits<char>,class std::allocator<char> > const &,class std::basic_string<char,struct std::char_traits<char>,class std::allocator<char> > const &,int,class std::basic_string<char,struct std::char_traits<char>,class std::allocator<char> >)" (??0AuthCredInfo@pj@@$$FQEAA@AEBV?$basic_string@DU?$char_traits@D@std@@V?$allocator@D@2@@std@@00HV23@@Z) referenced in function "public: void __clrcall TIPproj::LoginWindow::AppRegister(void)" (?AppRegister@LoginWindow@TIPproj@@$$FQE$AAMXXZ)
MyCall.obj : error LNK2020: unresolved token (0A0005FE) "public: __cdecl pj::MediaConfig::MediaConfig(void)" (??0MediaConfig@pj@@$$FQEAA@XZ)
MyAccount.obj : error LNK2028: unresolved token (0A0005ED) "public: __cdecl pj::MediaConfig::MediaConfig(void)" (??0MediaConfig@pj@@$$FQEAA@XZ) referenced in function "private: void __clrcall TIPproj::LoginWindow::Add_buddy_button_Click(class System::Object ^,class System::EventArgs ^)" (?Add_buddy_button_Click@LoginWindow@TIPproj@@$$FAE$AAMXPE$AAVObject@System@@PE$AAVEventArgs@4@@Z)
LoginWindow.obj : error LNK2028: unresolved token (0A0005C0) "public: __cdecl pj::MediaConfig::MediaConfig(void)" (??0MediaConfig@pj@@$$FQEAA@XZ) referenced in function "public: __cdecl pj::EpConfig::EpConfig(void)" (??0EpConfig@pj@@$$FQEAA@XZ)
MyCall.obj : error LNK2028: unresolved token (0A000601) "public: __cdecl pj::UaConfig::UaConfig(void)" (??0UaConfig@pj@@$$FQEAA@XZ) referenced in function "public: __cdecl pj::EpConfig::EpConfig(void)" (??0EpConfig@pj@@$$FQEAA@XZ)
MyAccount.obj : error LNK2028: unresolved token (0A0005F0) "public: __cdecl pj::UaConfig::UaConfig(void)" (??0UaConfig@pj@@$$FQEAA@XZ) referenced in function "public: __cdecl pj::EpConfig::EpConfig(void)" (??0EpConfig@pj@@$$FQEAA@XZ)
LoginWindow.obj : error LNK2028: unresolved token (0A0005C3) "public: __cdecl pj::UaConfig::UaConfig(void)" (??0UaConfig@pj@@$$FQEAA@XZ) referenced in function "public: __cdecl pj::EpConfig::EpConfig(void)" (??0EpConfig@pj@@$$FQEAA@XZ)
MyCall.obj : error LNK2028: unresolved token (0A000602) "public: __cdecl pj::Buddy::Buddy(void)" (??0Buddy@pj@@$$FQEAA@XZ) referenced in function "protected: virtual void __clrcall TIPproj::LoginWindow::<Dispose>(bool)" (?<Dispose>@LoginWindow@TIPproj@@$$FME$AAMX_N@Z)
MyAccount.obj : error LNK2028: unresolved token (0A0005F1) "public: __cdecl pj::Buddy::Buddy(void)" (??0Buddy@pj@@$$FQEAA@XZ) referenced in function "public: __cdecl MyBuddy::MyBuddy(void)" (??0MyBuddy@@$$FQEAA@XZ)
LoginWindow.obj : error LNK2028: unresolved token (0A0005C4) "public: __cdecl pj::Buddy::Buddy(void)" (??0Buddy@pj@@$$FQEAA@XZ) referenced in function "public: __cdecl MyBuddy::MyBuddy(void)" (??0MyBuddy@@$$FQEAA@XZ)
MyCall.obj : error LNK2028: unresolved token (0A000603) "public: virtual __cdecl pj::Buddy::~Buddy(void)" (??1Buddy@pj@@$$FUEAA@XZ) referenced in function "public: __cdecl MyBuddy::MyBuddy(void)" (??0MyBuddy@@$$FQEAA@XZ)
MyAccount.obj : error LNK2028: unresolved token (0A0005F2) "public: virtual __cdecl pj::Buddy::~Buddy(void)" (??1Buddy@pj@@$$FUEAA@XZ) referenced in function "public: __cdecl MyBuddy::MyBuddy(void)" (??0MyBuddy@@$$FQEAA@XZ)
LoginWindow.obj : error LNK2028: unresolved token (0A0005C5) "public: virtual __cdecl pj::Buddy::~Buddy(void)" (??1Buddy@pj@@$$FUEAA@XZ) referenced in function "public: __cdecl MyBuddy::MyBuddy(void)" (??0MyBuddy@@$$FQEAA@XZ)
MyCall.obj : error LNK2028: unresolved token (0A000604) "public: void __cdecl pj::Buddy::create(class pj::Account &,struct pj::BuddyConfig const &)" (?create@Buddy@pj@@$$FQEAAXAEAVAccount@2@AEBUBuddyConfig@2@@Z) referenced in function "public: void __clrcall TIPproj::LoginWindow::AppAddBuddy(class System::String ^)" (?AppAddBuddy@LoginWindow@TIPproj@@$$FQE$AAMXPE$AAVString@System@@@Z)
MyAccount.obj : error LNK2028: unresolved token (0A0005F3) "public: void __cdecl pj::Buddy::create(class pj::Account &,struct pj::BuddyConfig const &)" (?create@Buddy@pj@@$$FQEAAXAEAVAccount@2@AEBUBuddyConfig@2@@Z) referenced in function "public: void __clrcall TIPproj::LoginWindow::AppAddBuddy(class System::String ^)" (?AppAddBuddy@LoginWindow@TIPproj@@$$FQE$AAMXPE$AAVString@System@@@Z)
LoginWindow.obj : error LNK2028: unresolved token (0A0005C6) "public: void __cdecl pj::Buddy::create(class pj::Account &,struct pj::BuddyConfig const &)" (?create@Buddy@pj@@$$FQEAAXAEAVAccount@2@AEBUBuddyConfig@2@@Z) referenced in function "public: void __clrcall TIPproj::LoginWindow::AppAddBuddy(class System::String ^)" (?AppAddBuddy@LoginWindow@TIPproj@@$$FQE$AAMXPE$AAVString@System@@@Z)
MyCall.obj : error LNK2028: unresolved token (0A000605) "public: struct pj::BuddyInfo __cdecl pj::Buddy::getInfo(void)const " (?getInfo@Buddy@pj@@$$FQEBA?AUBuddyInfo@2@XZ) referenced in function "public: void __clrcall TIPproj::LoginWindow::AppRemoveBuddy(class System::String ^)" (?AppRemoveBuddy@LoginWindow@TIPproj@@$$FQE$AAMXPE$AAVString@System@@@Z)
MyBuddy.obj : error LNK2028: unresolved token (0A00027D) "public: struct pj::BuddyInfo __cdecl pj::Buddy::getInfo(void)const " (?getInfo@Buddy@pj@@$$FQEBA?AUBuddyInfo@2@XZ) referenced in function "public: virtual void __cdecl MyBuddy::onBuddyState(void)" (?onBuddyState@MyBuddy@@$$FUEAAXXZ)
MyAccount.obj : error LNK2028: unresolved token (0A0005F4) "public: struct pj::BuddyInfo __cdecl pj::Buddy::getInfo(void)const " (?getInfo@Buddy@pj@@$$FQEBA?AUBuddyInfo@2@XZ) referenced in function "public: void __clrcall TIPproj::LoginWindow::AppRemoveBuddy(class System::String ^)" (?AppRemoveBuddy@LoginWindow@TIPproj@@$$FQE$AAMXPE$AAVString@System@@@Z)
LoginWindow.obj : error LNK2028: unresolved token (0A0005C7) "public: struct pj::BuddyInfo __cdecl pj::Buddy::getInfo(void)const " (?getInfo@Buddy@pj@@$$FQEBA?AUBuddyInfo@2@XZ) referenced in function "public: void __clrcall TIPproj::LoginWindow::AppRemoveBuddy(class System::String ^)" (?AppRemoveBuddy@LoginWindow@TIPproj@@$$FQE$AAMXPE$AAVString@System@@@Z)
MyCall.obj : error LNK2020: unresolved token (0A000606) "public: void __cdecl pj::Buddy::subscribePresence(bool)" (?subscribePresence@Buddy@pj@@$$FQEAAX_N@Z)
MyAccount.obj : error LNK2028: unresolved token (0A0005F5) "public: void __cdecl pj::Buddy::subscribePresence(bool)" (?subscribePresence@Buddy@pj@@$$FQEAAX_N@Z) referenced in function "public: void __clrcall TIPproj::LoginWindow::AppAddBuddy(class System::String ^)" (?AppAddBuddy@LoginWindow@TIPproj@@$$FQE$AAMXPE$AAVString@System@@@Z)
LoginWindow.obj : error LNK2028: unresolved token (0A0005C8) "public: void __cdecl pj::Buddy::subscribePresence(bool)" (?subscribePresence@Buddy@pj@@$$FQEAAX_N@Z) referenced in function "public: void __clrcall TIPproj::LoginWindow::AppAddBuddy(class System::String ^)" (?AppAddBuddy@LoginWindow@TIPproj@@$$FQE$AAMXPE$AAVString@System@@@Z)
MyCall.obj : error LNK2020: unresolved token (0A00060B) "public: __cdecl pj::LogConfig::LogConfig(void)" (??0LogConfig@pj@@$$FQEAA@XZ)
MyAccount.obj : error LNK2020: unresolved token (0A0005FA) "public: __cdecl pj::LogConfig::LogConfig(void)" (??0LogConfig@pj@@$$FQEAA@XZ)
LoginWindow.obj : error LNK2028: unresolved token (0A0005CD) "public: __cdecl pj::LogConfig::LogConfig(void)" (??0LogConfig@pj@@$$FQEAA@XZ) referenced in function "public: __cdecl pj::EpConfig::EpConfig(void)" (??0EpConfig@pj@@$$FQEAA@XZ)
MyCall.obj : error LNK2020: unresolved token (0A00060D) "public: __cdecl pj::Account::Account(void)" (??0Account@pj@@$$FQEAA@XZ)
MyAccount.obj : error LNK2020: unresolved token (0A0005FC) "public: __cdecl pj::Account::Account(void)" (??0Account@pj@@$$FQEAA@XZ)
LoginWindow.obj : error LNK2028: unresolved token (0A0005CF) "public: __cdecl pj::Account::Account(void)" (??0Account@pj@@$$FQEAA@XZ) referenced in function "public: __cdecl MyAccount::MyAccount(void)" (??0MyAccount@@$$FQEAA@XZ)
MyCall.obj : error LNK2020: unresolved token (0A00060E) "public: virtual __cdecl pj::Account::~Account(void)" (??1Account@pj@@$$FUEAA@XZ)
MyAccount.obj : error LNK2020: unresolved token (0A0005FD) "public: virtual __cdecl pj::Account::~Account(void)" (??1Account@pj@@$$FUEAA@XZ)
LoginWindow.obj : error LNK2028: unresolved token (0A0005D0) "public: virtual __cdecl pj::Account::~Account(void)" (??1Account@pj@@$$FUEAA@XZ) referenced in function "public: __cdecl MyAccount::MyAccount(void)" (??0MyAccount@@$$FQEAA@XZ)
MyCall.obj : error LNK2020: unresolved token (0A00060F) "public: void __cdecl pj::Account::create(struct pj::AccountConfig const &,bool)" (?create@Account@pj@@$$FQEAAXAEBUAccountConfig@2@_N@Z)
MyAccount.obj : error LNK2020: unresolved token (0A0005FE) "public: void __cdecl pj::Account::create(struct pj::AccountConfig const &,bool)" (?create@Account@pj@@$$FQEAAXAEBUAccountConfig@2@_N@Z)
LoginWindow.obj : error LNK2028: unresolved token (0A0005D1) "public: void __cdecl pj::Account::create(struct pj::AccountConfig const &,bool)" (?create@Account@pj@@$$FQEAAXAEBUAccountConfig@2@_N@Z) referenced in function "public: void __clrcall TIPproj::LoginWindow::AppRegister(void)" (?AppRegister@LoginWindow@TIPproj@@$$FQE$AAMXXZ)
MyCall.obj : error LNK2020: unresolved token (0A000610) "public: void __cdecl pj::Account::shutdown(void)" (?shutdown@Account@pj@@$$FQEAAXXZ)
MyAccount.obj : error LNK2020: unresolved token (0A0005FF) "public: void __cdecl pj::Account::shutdown(void)" (?shutdown@Account@pj@@$$FQEAAXXZ)
LoginWindow.obj : error LNK2028: unresolved token (0A0005D2) "public: void __cdecl pj::Account::shutdown(void)" (?shutdown@Account@pj@@$$FQEAAXXZ) referenced in function "private: void __clrcall TIPproj::LoginWindow::ApplicationDisonnect(void)" (?ApplicationDisonnect@LoginWindow@TIPproj@@$$FAE$AAMXXZ)
MyCall.obj : error LNK2028: unresolved token (0A000611) "public: struct pj::AccountInfo __cdecl pj::Account::getInfo(void)const " (?getInfo@Account@pj@@$$FQEBA?AUAccountInfo@2@XZ) referenced in function "public: void __clrcall TIPproj::LoginWindow::AppRegister(void)" (?AppRegister@LoginWindow@TIPproj@@$$FQE$AAMXXZ)
MyAccount.obj : error LNK2020: unresolved token (0A000600) "public: struct pj::AccountInfo __cdecl pj::Account::getInfo(void)const " (?getInfo@Account@pj@@$$FQEBA?AUAccountInfo@2@XZ)
LoginWindow.obj : error LNK2028: unresolved token (0A0005D3) "public: struct pj::AccountInfo __cdecl pj::Account::getInfo(void)const " (?getInfo@Account@pj@@$$FQEBA?AUAccountInfo@2@XZ) referenced in function "public: void __clrcall TIPproj::LoginWindow::AppRegister(void)" (?AppRegister@LoginWindow@TIPproj@@$$FQE$AAMXXZ)
MyCall.obj : error LNK2028: unresolved token (0A000612) "public: __cdecl pj::AccountConfig::AccountConfig(void)" (??0AccountConfig@pj@@$$FQEAA@XZ) referenced in function "private: void __clrcall TIPproj::LoginWindow::Remove_Click(class System::Object ^,class System::EventArgs ^)" (?Remove_Click@LoginWindow@TIPproj@@$$FAE$AAMXPE$AAVObject@System@@PE$AAVEventArgs@4@@Z)
MyAccount.obj : error LNK2028: unresolved token (0A000601) "public: __cdecl pj::AccountConfig::AccountConfig(void)" (??0AccountConfig@pj@@$$FQEAA@XZ) referenced in function "public: __cdecl pj::EpConfig::EpConfig(void)" (??0EpConfig@pj@@$$FQEAA@XZ)
LoginWindow.obj : error LNK2028: unresolved token (0A0005D4) "public: __cdecl pj::AccountConfig::AccountConfig(void)" (??0AccountConfig@pj@@$$FQEAA@XZ) referenced in function "public: void __clrcall TIPproj::LoginWindow::AppRegister(void)" (?AppRegister@LoginWindow@TIPproj@@$$FQE$AAMXXZ)
MyCall.obj : error LNK2028: unresolved token (0A0005F1) "public: struct pj::CallInfo __cdecl pj::Call::getInfo(void)const " (?getInfo@Call@pj@@$$FQEBA?AUCallInfo@2@XZ) referenced in function "public: virtual void __cdecl MyCall::onCallMediaState(struct pj::OnCallMediaStateParam &)" (?onCallMediaState@MyCall@@$$FUEAAXAEAUOnCallMediaStateParam@pj@@@Z)
MyAccount.obj : error LNK2028: unresolved token (0A0005E1) "public: struct pj::CallInfo __cdecl pj::Call::getInfo(void)const " (?getInfo@Call@pj@@$$FQEBA?AUCallInfo@2@XZ) referenced in function "public: virtual void __cdecl MyAccount::onIncomingCall(struct pj::OnIncomingCallParam &)" (?onIncomingCall@MyAccount@@$$FUEAAXAEAUOnIncomingCallParam@pj@@@Z)
MyAccount.obj : error LNK2028: unresolved token (0A0005E3) "public: void __cdecl pj::Call::answer(struct pj::CallOpParam const &)" (?answer@Call@pj@@$$FQEAAXAEBUCallOpParam@2@@Z) referenced in function "public: virtual void __cdecl MyAccount::onIncomingCall(struct pj::OnIncomingCallParam &)" (?onIncomingCall@MyAccount@@$$FUEAAXAEAUOnIncomingCallParam@pj@@@Z)
MyAccount.obj : error LNK2028: unresolved token (0A0005E4) "public: void __cdecl pj::Call::hangup(struct pj::CallOpParam const &)" (?hangup@Call@pj@@$$FQEAAXAEBUCallOpParam@2@@Z) referenced in function "public: virtual void __cdecl MyAccount::onIncomingCall(struct pj::OnIncomingCallParam &)" (?onIncomingCall@MyAccount@@$$FUEAAXAEAUOnIncomingCallParam@pj@@@Z)
MyCall.obj : error LNK2028: unresolved token (0A0005D8) "public: void __cdecl pj::AudioMedia::startTransmit(class pj::AudioMedia const &)const " (?startTransmit@AudioMedia@pj@@$$FQEBAXAEBV12@@Z) referenced in function "public: virtual void __cdecl MyCall::onCallMediaState(struct pj::OnCallMediaStateParam &)" (?onCallMediaState@MyCall@@$$FUEAAXAEAUOnCallMediaStateParam@pj@@@Z)
MyCall.obj : error LNK2028: unresolved token (0A0005DB) "public: __cdecl pj::AudioMedia::AudioMedia(void)" (??0AudioMedia@pj@@$$FQEAA@XZ) referenced in function "public: __cdecl MyCall::MyCall(class pj::Account &,int)" (??0MyCall@@$$FQEAA@AEAVAccount@pj@@H@Z)
MyCall.obj : error LNK2028: unresolved token (0A0005DC) "public: virtual __cdecl pj::AudioMedia::~AudioMedia(void)" (??1AudioMedia@pj@@$$FUEAA@XZ) referenced in function "public: __cdecl MyCall::MyCall(class pj::Account &,int)" (??0MyCall@@$$FQEAA@AEAVAccount@pj@@H@Z)
MyCall.obj : error LNK2028: unresolved token (0A0005EB) "public: class pj::AudDevManager & __cdecl pj::Endpoint::audDevManager(void)" (?audDevManager@Endpoint@pj@@$$FQEAAAEAVAudDevManager@2@XZ) referenced in function "public: __cdecl MyCall::MyCall(class pj::Account &,int)" (??0MyCall@@$$FQEAA@AEAVAccount@pj@@H@Z)
MyCall.obj : error LNK2028: unresolved token (0A0005EF) "public: __cdecl pj::Call::Call(class pj::Account &,int)" (??0Call@pj@@$$FQEAA@AEAVAccount@1@H@Z) referenced in function "public: __cdecl MyCall::MyCall(class pj::Account &,int)" (??0MyCall@@$$FQEAA@AEAVAccount@pj@@H@Z)
MyCall.obj : error LNK2028: unresolved token (0A0005F0) "public: virtual __cdecl pj::Call::~Call(void)" (??1Call@pj@@$$FUEAA@XZ) referenced in function "public: __cdecl MyCall::MyCall(class pj::Account &,int)" (??0MyCall@@$$FQEAA@AEAVAccount@pj@@H@Z)
MyCall.obj : error LNK2028: unresolved token (0A0005F2) "public: class pj::AudioMedia __cdecl pj::Call::getAudioMedia(int)const " (?getAudioMedia@Call@pj@@$$FQEBA?AVAudioMedia@2@H@Z) referenced in function "public: virtual void __cdecl MyCall::onCallMediaState(struct pj::OnCallMediaStateParam &)" (?onCallMediaState@MyCall@@$$FUEAAXAEAUOnCallMediaStateParam@pj@@@Z)
MyCall.obj : error LNK2028: unresolved token (0A0005F6) "public: class pj::AudioMedia & __cdecl pj::AudDevManager::getCaptureDevMedia(void)" (?getCaptureDevMedia@AudDevManager@pj@@$$FQEAAAEAVAudioMedia@2@XZ) referenced in function "public: __cdecl MyCall::MyCall(class pj::Account &,int)" (??0MyCall@@$$FQEAA@AEAVAccount@pj@@H@Z)
MyCall.obj : error LNK2028: unresolved token (0A0005F7) "public: class pj::AudioMedia & __cdecl pj::AudDevManager::getPlaybackDevMedia(void)" (?getPlaybackDevMedia@AudDevManager@pj@@$$FQEAAAEAVAudioMedia@2@XZ) referenced in function "public: __cdecl MyCall::MyCall(class pj::Account &,int)" (??0MyCall@@$$FQEAA@AEAVAccount@pj@@H@Z)
LoginWindow.obj : error LNK2001: unresolved external symbol "public: virtual void __cdecl pj::AccountIpChangeConfig::readObject(class pj::ContainerNode const &)" (?readObject@AccountIpChangeConfig@pj@@UEAAXAEBVContainerNode@2@@Z)
MyAccount.obj : error LNK2001: unresolved external symbol "public: virtual void __cdecl pj::AccountIpChangeConfig::readObject(class pj::ContainerNode const &)" (?readObject@AccountIpChangeConfig@pj@@UEAAXAEBVContainerNode@2@@Z)
MyCall.obj : error LNK2001: unresolved external symbol "public: virtual void __cdecl pj::AccountIpChangeConfig::readObject(class pj::ContainerNode const &)" (?readObject@AccountIpChangeConfig@pj@@UEAAXAEBVContainerNode@2@@Z)
LoginWindow.obj : error LNK2001: unresolved external symbol "public: virtual void __cdecl pj::AccountIpChangeConfig::writeObject(class pj::ContainerNode &)const " (?writeObject@AccountIpChangeConfig@pj@@UEBAXAEAVContainerNode@2@@Z)
MyAccount.obj : error LNK2001: unresolved external symbol "public: virtual void __cdecl pj::AccountIpChangeConfig::writeObject(class pj::ContainerNode &)const " (?writeObject@AccountIpChangeConfig@pj@@UEBAXAEAVContainerNode@2@@Z)
MyCall.obj : error LNK2001: unresolved external symbol "public: virtual void __cdecl pj::AccountIpChangeConfig::writeObject(class pj::ContainerNode &)const " (?writeObject@AccountIpChangeConfig@pj@@UEBAXAEAVContainerNode@2@@Z)
LoginWindow.obj : error LNK2019: unresolved external symbol "public: void __cdecl pj::Endpoint::hangupAllCalls(void)" (?hangupAllCalls@Endpoint@pj@@$$FQEAAXXZ) referenced in function "public: void __clrcall TIPproj::LoginWindow::AppMakeHangup(void)" (?AppMakeHangup@LoginWindow@TIPproj@@$$FQE$AAMXXZ)
MyAccount.obj : error LNK2001: unresolved external symbol "public: void __cdecl pj::Endpoint::hangupAllCalls(void)" (?hangupAllCalls@Endpoint@pj@@$$FQEAAXXZ)
MyCall.obj : error LNK2001: unresolved external symbol "public: void __cdecl pj::Endpoint::hangupAllCalls(void)" (?hangupAllCalls@Endpoint@pj@@$$FQEAAXXZ)
LoginWindow.obj : error LNK2019: unresolved external symbol "public: void __cdecl pj::AudioMedia::adjustRxLevel(float)" (?adjustRxLevel@AudioMedia@pj@@$$FQEAAXM@Z) referenced in function "private: void __clrcall TIPproj::LoginWindow::Mute_button_Click(class System::Object ^,class System::EventArgs ^)" (?Mute_button_Click@LoginWindow@TIPproj@@$$FAE$AAMXPE$AAVObject@System@@PE$AAVEventArgs@4@@Z)
MyAccount.obj : error LNK2001: unresolved external symbol "public: void __cdecl pj::AudioMedia::adjustRxLevel(float)" (?adjustRxLevel@AudioMedia@pj@@$$FQEAAXM@Z)
MyCall.obj : error LNK2001: unresolved external symbol "public: void __cdecl pj::AudioMedia::adjustRxLevel(float)" (?adjustRxLevel@AudioMedia@pj@@$$FQEAAXM@Z)
LoginWindow.obj : error LNK2019: unresolved external symbol "public: void __cdecl pj::AudioMedia::adjustTxLevel(float)" (?adjustTxLevel@AudioMedia@pj@@$$FQEAAXM@Z) referenced in function "private: void __clrcall TIPproj::LoginWindow::Deafen_button_Click(class System::Object ^,class System::EventArgs ^)" (?Deafen_button_Click@LoginWindow@TIPproj@@$$FAE$AAMXPE$AAVObject@System@@PE$AAVEventArgs@4@@Z)
MyAccount.obj : error LNK2001: unresolved external symbol "public: void __cdecl pj::AudioMedia::adjustTxLevel(float)" (?adjustTxLevel@AudioMedia@pj@@$$FQEAAXM@Z)
MyCall.obj : error LNK2001: unresolved external symbol "public: void __cdecl pj::AudioMedia::adjustTxLevel(float)" (?adjustTxLevel@AudioMedia@pj@@$$FQEAAXM@Z)
LoginWindow.obj : error LNK2019: unresolved external symbol "public: __cdecl pj::Buddy::Buddy(void)" (??0Buddy@pj@@$$FQEAA@XZ) referenced in function "public: __cdecl MyBuddy::MyBuddy(void)" (??0MyBuddy@@$$FQEAA@XZ)
MyAccount.obj : error LNK2001: unresolved external symbol "public: __cdecl pj::Buddy::Buddy(void)" (??0Buddy@pj@@$$FQEAA@XZ)
MyCall.obj : error LNK2001: unresolved external symbol "public: __cdecl pj::Buddy::Buddy(void)" (??0Buddy@pj@@$$FQEAA@XZ)
LoginWindow.obj : error LNK2019: unresolved external symbol "public: virtual __cdecl pj::Buddy::~Buddy(void)" (??1Buddy@pj@@$$FUEAA@XZ) referenced in function "public: __cdecl MyBuddy::MyBuddy(void)" (??0MyBuddy@@$$FQEAA@XZ)
MyAccount.obj : error LNK2001: unresolved external symbol "public: virtual __cdecl pj::Buddy::~Buddy(void)" (??1Buddy@pj@@$$FUEAA@XZ)
MyCall.obj : error LNK2001: unresolved external symbol "public: virtual __cdecl pj::Buddy::~Buddy(void)" (??1Buddy@pj@@$$FUEAA@XZ)
LoginWindow.obj : error LNK2019: unresolved external symbol "public: void __cdecl pj::Account::shutdown(void)" (?shutdown@Account@pj@@$$FQEAAXXZ) referenced in function "private: void __clrcall TIPproj::LoginWindow::ApplicationDisonnect(void)" (?ApplicationDisonnect@LoginWindow@TIPproj@@$$FAE$AAMXXZ)
MyAccount.obj : error LNK2001: unresolved external symbol "public: void __cdecl pj::Account::shutdown(void)" (?shutdown@Account@pj@@$$FQEAAXXZ)
MyCall.obj : error LNK2001: unresolved external symbol "public: void __cdecl pj::Account::shutdown(void)" (?shutdown@Account@pj@@$$FQEAAXXZ)
LoginWindow.obj : error LNK2001: unresolved external symbol "public: virtual void __cdecl pj::AuthCredInfo::readObject(class pj::ContainerNode const &)" (?readObject@AuthCredInfo@pj@@UEAAXAEBVContainerNode@2@@Z)
MyAccount.obj : error LNK2001: unresolved external symbol "public: virtual void __cdecl pj::AuthCredInfo::readObject(class pj::ContainerNode const &)" (?readObject@AuthCredInfo@pj@@UEAAXAEBVContainerNode@2@@Z)
MyCall.obj : error LNK2001: unresolved external symbol "public: virtual void __cdecl pj::AuthCredInfo::readObject(class pj::ContainerNode const &)" (?readObject@AuthCredInfo@pj@@UEAAXAEBVContainerNode@2@@Z)
LoginWindow.obj : error LNK2001: unresolved external symbol "public: virtual void __cdecl pj::AuthCredInfo::writeObject(class pj::ContainerNode &)const " (?writeObject@AuthCredInfo@pj@@UEBAXAEAVContainerNode@2@@Z)
MyAccount.obj : error LNK2001: unresolved external symbol "public: virtual void __cdecl pj::AuthCredInfo::writeObject(class pj::ContainerNode &)const " (?writeObject@AuthCredInfo@pj@@UEBAXAEAVContainerNode@2@@Z)
MyCall.obj : error LNK2001: unresolved external symbol "public: virtual void __cdecl pj::AuthCredInfo::writeObject(class pj::ContainerNode &)const " (?writeObject@AuthCredInfo@pj@@UEBAXAEAVContainerNode@2@@Z)
LoginWindow.obj : error LNK2019: unresolved external symbol "public: __cdecl pj::Account::Account(void)" (??0Account@pj@@$$FQEAA@XZ) referenced in function "public: __cdecl MyAccount::MyAccount(void)" (??0MyAccount@@$$FQEAA@XZ)
MyAccount.obj : error LNK2001: unresolved external symbol "public: __cdecl pj::Account::Account(void)" (??0Account@pj@@$$FQEAA@XZ)
MyCall.obj : error LNK2001: unresolved external symbol "public: __cdecl pj::Account::Account(void)" (??0Account@pj@@$$FQEAA@XZ)
LoginWindow.obj : error LNK2019: unresolved external symbol "public: virtual __cdecl pj::Account::~Account(void)" (??1Account@pj@@$$FUEAA@XZ) referenced in function "public: __cdecl MyAccount::MyAccount(void)" (??0MyAccount@@$$FQEAA@XZ)
MyAccount.obj : error LNK2001: unresolved external symbol "public: virtual __cdecl pj::Account::~Account(void)" (??1Account@pj@@$$FUEAA@XZ)
MyCall.obj : error LNK2001: unresolved external symbol "public: virtual __cdecl pj::Account::~Account(void)" (??1Account@pj@@$$FUEAA@XZ)
LoginWindow.obj : error LNK2001: unresolved external symbol "public: virtual void __cdecl pj::BuddyConfig::readObject(class pj::ContainerNode const &)" (?readObject@BuddyConfig@pj@@UEAAXAEBVContainerNode@2@@Z)
MyAccount.obj : error LNK2001: unresolved external symbol "public: virtual void __cdecl pj::BuddyConfig::readObject(class pj::ContainerNode const &)" (?readObject@BuddyConfig@pj@@UEAAXAEBVContainerNode@2@@Z)
MyCall.obj : error LNK2001: unresolved external symbol "public: virtual void __cdecl pj::BuddyConfig::readObject(class pj::ContainerNode const &)" (?readObject@BuddyConfig@pj@@UEAAXAEBVContainerNode@2@@Z)
LoginWindow.obj : error LNK2001: unresolved external symbol "public: virtual void __cdecl pj::BuddyConfig::writeObject(class pj::ContainerNode &)const " (?writeObject@BuddyConfig@pj@@UEBAXAEAVContainerNode@2@@Z)
MyAccount.obj : error LNK2001: unresolved external symbol "public: virtual void __cdecl pj::BuddyConfig::writeObject(class pj::ContainerNode &)const " (?writeObject@BuddyConfig@pj@@UEBAXAEAVContainerNode@2@@Z)
MyCall.obj : error LNK2001: unresolved external symbol "public: virtual void __cdecl pj::BuddyConfig::writeObject(class pj::ContainerNode &)const " (?writeObject@BuddyConfig@pj@@UEBAXAEAVContainerNode@2@@Z)
LoginWindow.obj : error LNK2019: unresolved external symbol "public: void __cdecl pj::Buddy::create(class pj::Account &,struct pj::BuddyConfig const &)" (?create@Buddy@pj@@$$FQEAAXAEAVAccount@2@AEBUBuddyConfig@2@@Z) referenced in function "public: void __clrcall TIPproj::LoginWindow::AppAddBuddy(class System::String ^)" (?AppAddBuddy@LoginWindow@TIPproj@@$$FQE$AAMXPE$AAVString@System@@@Z)
MyAccount.obj : error LNK2001: unresolved external symbol "public: void __cdecl pj::Buddy::create(class pj::Account &,struct pj::BuddyConfig const &)" (?create@Buddy@pj@@$$FQEAAXAEAVAccount@2@AEBUBuddyConfig@2@@Z)
MyCall.obj : error LNK2001: unresolved external symbol "public: void __cdecl pj::Buddy::create(class pj::Account &,struct pj::BuddyConfig const &)" (?create@Buddy@pj@@$$FQEAAXAEAVAccount@2@AEBUBuddyConfig@2@@Z)
LoginWindow.obj : error LNK2019: unresolved external symbol "public: void __cdecl pj::Buddy::subscribePresence(bool)" (?subscribePresence@Buddy@pj@@$$FQEAAX_N@Z) referenced in function "public: void __clrcall TIPproj::LoginWindow::AppAddBuddy(class System::String ^)" (?AppAddBuddy@LoginWindow@TIPproj@@$$FQE$AAMXPE$AAVString@System@@@Z)
MyAccount.obj : error LNK2001: unresolved external symbol "public: void __cdecl pj::Buddy::subscribePresence(bool)" (?subscribePresence@Buddy@pj@@$$FQEAAX_N@Z)
MyCall.obj : error LNK2001: unresolved external symbol "public: void __cdecl pj::Buddy::subscribePresence(bool)" (?subscribePresence@Buddy@pj@@$$FQEAAX_N@Z)
LoginWindow.obj : error LNK2019: unresolved external symbol "public: struct pj::BuddyInfo __cdecl pj::Buddy::getInfo(void)const " (?getInfo@Buddy@pj@@$$FQEBA?AUBuddyInfo@2@XZ) referenced in function "public: void __clrcall TIPproj::LoginWindow::AppRemoveBuddy(class System::String ^)" (?AppRemoveBuddy@LoginWindow@TIPproj@@$$FQE$AAMXPE$AAVString@System@@@Z)
MyAccount.obj : error LNK2001: unresolved external symbol "public: struct pj::BuddyInfo __cdecl pj::Buddy::getInfo(void)const " (?getInfo@Buddy@pj@@$$FQEBA?AUBuddyInfo@2@XZ)
MyBuddy.obj : error LNK2001: unresolved external symbol "public: struct pj::BuddyInfo __cdecl pj::Buddy::getInfo(void)const " (?getInfo@Buddy@pj@@$$FQEBA?AUBuddyInfo@2@XZ)
MyCall.obj : error LNK2001: unresolved external symbol "public: struct pj::BuddyInfo __cdecl pj::Buddy::getInfo(void)const " (?getInfo@Buddy@pj@@$$FQEBA?AUBuddyInfo@2@XZ)
LoginWindow.obj : error LNK2001: unresolved external symbol "public: virtual void __cdecl pj::EpConfig::readObject(class pj::ContainerNode const &)" (?readObject@EpConfig@pj@@UEAAXAEBVContainerNode@2@@Z)
MyAccount.obj : error LNK2001: unresolved external symbol "public: virtual void __cdecl pj::EpConfig::readObject(class pj::ContainerNode const &)" (?readObject@EpConfig@pj@@UEAAXAEBVContainerNode@2@@Z)
MyCall.obj : error LNK2001: unresolved external symbol "public: virtual void __cdecl pj::EpConfig::readObject(class pj::ContainerNode const &)" (?readObject@EpConfig@pj@@UEAAXAEBVContainerNode@2@@Z)
LoginWindow.obj : error LNK2001: unresolved external symbol "public: virtual void __cdecl pj::EpConfig::writeObject(class pj::ContainerNode &)const " (?writeObject@EpConfig@pj@@UEBAXAEAVContainerNode@2@@Z)
MyAccount.obj : error LNK2001: unresolved external symbol "public: virtual void __cdecl pj::EpConfig::writeObject(class pj::ContainerNode &)const " (?writeObject@EpConfig@pj@@UEBAXAEAVContainerNode@2@@Z)
MyCall.obj : error LNK2001: unresolved external symbol "public: virtual void __cdecl pj::EpConfig::writeObject(class pj::ContainerNode &)const " (?writeObject@EpConfig@pj@@UEBAXAEAVContainerNode@2@@Z)
LoginWindow.obj : error LNK2019: unresolved external symbol "public: __cdecl pj::UaConfig::UaConfig(void)" (??0UaConfig@pj@@$$FQEAA@XZ) referenced in function "public: __cdecl pj::EpConfig::EpConfig(void)" (??0EpConfig@pj@@$$FQEAA@XZ)
MyAccount.obj : error LNK2001: unresolved external symbol "public: __cdecl pj::UaConfig::UaConfig(void)" (??0UaConfig@pj@@$$FQEAA@XZ)
MyCall.obj : error LNK2001: unresolved external symbol "public: __cdecl pj::UaConfig::UaConfig(void)" (??0UaConfig@pj@@$$FQEAA@XZ)
LoginWindow.obj : error LNK2019: unresolved external symbol "public: __cdecl pj::LogConfig::LogConfig(void)" (??0LogConfig@pj@@$$FQEAA@XZ) referenced in function "public: __cdecl pj::EpConfig::EpConfig(void)" (??0EpConfig@pj@@$$FQEAA@XZ)
MyAccount.obj : error LNK2001: unresolved external symbol "public: __cdecl pj::LogConfig::LogConfig(void)" (??0LogConfig@pj@@$$FQEAA@XZ)
MyCall.obj : error LNK2001: unresolved external symbol "public: __cdecl pj::LogConfig::LogConfig(void)" (??0LogConfig@pj@@$$FQEAA@XZ)
LoginWindow.obj : error LNK2019: unresolved external symbol "public: __cdecl pj::MediaConfig::MediaConfig(void)" (??0MediaConfig@pj@@$$FQEAA@XZ) referenced in function "public: __cdecl pj::EpConfig::EpConfig(void)" (??0EpConfig@pj@@$$FQEAA@XZ)
MyAccount.obj : error LNK2001: unresolved external symbol "public: __cdecl pj::MediaConfig::MediaConfig(void)" (??0MediaConfig@pj@@$$FQEAA@XZ)
MyCall.obj : error LNK2001: unresolved external symbol "public: __cdecl pj::MediaConfig::MediaConfig(void)" (??0MediaConfig@pj@@$$FQEAA@XZ)
LoginWindow.obj : error LNK2019: unresolved external symbol "public: void __cdecl pj::Endpoint::libInit(struct pj::EpConfig const &)" (?libInit@Endpoint@pj@@$$FQEAAXAEBUEpConfig@2@@Z) referenced in function "public: void __clrcall TIPproj::LoginWindow::AppInit(void)" (?AppInit@LoginWindow@TIPproj@@$$FQE$AAMXXZ)
MyAccount.obj : error LNK2001: unresolved external symbol "public: void __cdecl pj::Endpoint::libInit(struct pj::EpConfig const &)" (?libInit@Endpoint@pj@@$$FQEAAXAEBUEpConfig@2@@Z)
MyCall.obj : error LNK2001: unresolved external symbol "public: void __cdecl pj::Endpoint::libInit(struct pj::EpConfig const &)" (?libInit@Endpoint@pj@@$$FQEAAXAEBUEpConfig@2@@Z)
LoginWindow.obj : error LNK2019: unresolved external symbol "public: __cdecl pj::TransportConfig::TransportConfig(void)" (??0TransportConfig@pj@@$$FQEAA@XZ) referenced in function "public: void __clrcall TIPproj::LoginWindow::AppInit(void)" (?AppInit@LoginWindow@TIPproj@@$$FQE$AAMXXZ)
MyAccount.obj : error LNK2001: unresolved external symbol "public: __cdecl pj::TransportConfig::TransportConfig(void)" (??0TransportConfig@pj@@$$FQEAA@XZ)
MyCall.obj : error LNK2001: unresolved external symbol "public: __cdecl pj::TransportConfig::TransportConfig(void)" (??0TransportConfig@pj@@$$FQEAA@XZ)
LoginWindow.obj : error LNK2019: unresolved external symbol "public: int __cdecl pj::Endpoint::transportCreate(enum pjsip_transport_type_e,struct pj::TransportConfig const &)" (?transportCreate@Endpoint@pj@@$$FQEAAHW4pjsip_transport_type_e@@AEBUTransportConfig@2@@Z) referenced in function "public: void __clrcall TIPproj::LoginWindow::AppInit(void)" (?AppInit@LoginWindow@TIPproj@@$$FQE$AAMXXZ)
MyAccount.obj : error LNK2001: unresolved external symbol "public: int __cdecl pj::Endpoint::transportCreate(enum pjsip_transport_type_e,struct pj::TransportConfig const &)" (?transportCreate@Endpoint@pj@@$$FQEAAHW4pjsip_transport_type_e@@AEBUTransportConfig@2@@Z)
MyCall.obj : error LNK2001: unresolved external symbol "public: int __cdecl pj::Endpoint::transportCreate(enum pjsip_transport_type_e,struct pj::TransportConfig const &)" (?transportCreate@Endpoint@pj@@$$FQEAAHW4pjsip_transport_type_e@@AEBUTransportConfig@2@@Z)
LoginWindow.obj : error LNK2019: unresolved external symbol "public: void __cdecl pj::Endpoint::libStart(void)" (?libStart@Endpoint@pj@@$$FQEAAXXZ) referenced in function "public: void __clrcall TIPproj::LoginWindow::AppInit(void)" (?AppInit@LoginWindow@TIPproj@@$$FQE$AAMXXZ)
MyAccount.obj : error LNK2001: unresolved external symbol "public: void __cdecl pj::Endpoint::libStart(void)" (?libStart@Endpoint@pj@@$$FQEAAXXZ)
MyCall.obj : error LNK2001: unresolved external symbol "public: void __cdecl pj::Endpoint::libStart(void)" (?libStart@Endpoint@pj@@$$FQEAAXXZ)
LoginWindow.obj : error LNK2019: unresolved external symbol "public: __cdecl pj::AccountConfig::AccountConfig(void)" (??0AccountConfig@pj@@$$FQEAA@XZ) referenced in function "public: void __clrcall TIPproj::LoginWindow::AppRegister(void)" (?AppRegister@LoginWindow@TIPproj@@$$FQE$AAMXXZ)
MyAccount.obj : error LNK2001: unresolved external symbol "public: __cdecl pj::AccountConfig::AccountConfig(void)" (??0AccountConfig@pj@@$$FQEAA@XZ)
MyCall.obj : error LNK2001: unresolved external symbol "public: __cdecl pj::AccountConfig::AccountConfig(void)" (??0AccountConfig@pj@@$$FQEAA@XZ)
LoginWindow.obj : error LNK2019: unresolved external symbol "public: __cdecl pj::AuthCredInfo::AuthCredInfo(class std::basic_string<char,struct std::char_traits<char>,class std::allocator<char> > const &,class std::basic_string<char,struct std::char_traits<char>,class std::allocator<char> > const &,class std::basic_string<char,struct std::char_traits<char>,class std::allocator<char> > const &,int,class std::basic_string<char,struct std::char_traits<char>,class std::allocator<char> >)" (??0AuthCredInfo@pj@@$$FQEAA@AEBV?$basic_string@DU?$char_traits@D@std@@V?$allocator@D@2@@std@@00HV23@@Z) referenced in function "public: void __clrcall TIPproj::LoginWindow::AppRegister(void)" (?AppRegister@LoginWindow@TIPproj@@$$FQE$AAMXXZ)
MyAccount.obj : error LNK2001: unresolved external symbol "public: __cdecl pj::AuthCredInfo::AuthCredInfo(class std::basic_string<char,struct std::char_traits<char>,class std::allocator<char> > const &,class std::basic_string<char,struct std::char_traits<char>,class std::allocator<char> > const &,class std::basic_string<char,struct std::char_traits<char>,class std::allocator<char> > const &,int,class std::basic_string<char,struct std::char_traits<char>,class std::allocator<char> >)" (??0AuthCredInfo@pj@@$$FQEAA@AEBV?$basic_string@DU?$char_traits@D@std@@V?$allocator@D@2@@std@@00HV23@@Z)
MyCall.obj : error LNK2001: unresolved external symbol "public: __cdecl pj::AuthCredInfo::AuthCredInfo(class std::basic_string<char,struct std::char_traits<char>,class std::allocator<char> > const &,class std::basic_string<char,struct std::char_traits<char>,class std::allocator<char> > const &,class std::basic_string<char,struct std::char_traits<char>,class std::allocator<char> > const &,int,class std::basic_string<char,struct std::char_traits<char>,class std::allocator<char> >)" (??0AuthCredInfo@pj@@$$FQEAA@AEBV?$basic_string@DU?$char_traits@D@std@@V?$allocator@D@2@@std@@00HV23@@Z)
LoginWindow.obj : error LNK2019: unresolved external symbol "public: void __cdecl pj::Account::create(struct pj::AccountConfig const &,bool)" (?create@Account@pj@@$$FQEAAXAEBUAccountConfig@2@_N@Z) referenced in function "public: void __clrcall TIPproj::LoginWindow::AppRegister(void)" (?AppRegister@LoginWindow@TIPproj@@$$FQE$AAMXXZ)
MyAccount.obj : error LNK2001: unresolved external symbol "public: void __cdecl pj::Account::create(struct pj::AccountConfig const &,bool)" (?create@Account@pj@@$$FQEAAXAEBUAccountConfig@2@_N@Z)
MyCall.obj : error LNK2001: unresolved external symbol "public: void __cdecl pj::Account::create(struct pj::AccountConfig const &,bool)" (?create@Account@pj@@$$FQEAAXAEBUAccountConfig@2@_N@Z)
LoginWindow.obj : error LNK2019: unresolved external symbol "public: struct pj::AccountInfo __cdecl pj::Account::getInfo(void)const " (?getInfo@Account@pj@@$$FQEBA?AUAccountInfo@2@XZ) referenced in function "public: void __clrcall TIPproj::LoginWindow::AppRegister(void)" (?AppRegister@LoginWindow@TIPproj@@$$FQE$AAMXXZ)
MyAccount.obj : error LNK2001: unresolved external symbol "public: struct pj::AccountInfo __cdecl pj::Account::getInfo(void)const " (?getInfo@Account@pj@@$$FQEBA?AUAccountInfo@2@XZ)
MyCall.obj : error LNK2001: unresolved external symbol "public: struct pj::AccountInfo __cdecl pj::Account::getInfo(void)const " (?getInfo@Account@pj@@$$FQEBA?AUAccountInfo@2@XZ)
LoginWindow.obj : error LNK2019: unresolved external symbol "public: __cdecl pj::CallOpParam::CallOpParam(bool)" (??0CallOpParam@pj@@$$FQEAA@_N@Z) referenced in function "public: void __clrcall TIPproj::LoginWindow::AppMakeCall(void)" (?AppMakeCall@LoginWindow@TIPproj@@$$FQE$AAMXXZ)
MyAccount.obj : error LNK2001: unresolved external symbol "public: __cdecl pj::CallOpParam::CallOpParam(bool)" (??0CallOpParam@pj@@$$FQEAA@_N@Z)
MyCall.obj : error LNK2001: unresolved external symbol "public: __cdecl pj::CallOpParam::CallOpParam(bool)" (??0CallOpParam@pj@@$$FQEAA@_N@Z)
LoginWindow.obj : error LNK2019: unresolved external symbol "public: void __cdecl pj::Call::makeCall(class std::basic_string<char,struct std::char_traits<char>,class std::allocator<char> > const &,struct pj::CallOpParam const &)" (?makeCall@Call@pj@@$$FQEAAXAEBV?$basic_string@DU?$char_traits@D@std@@V?$allocator@D@2@@std@@AEBUCallOpParam@2@@Z) referenced in function "public: void __clrcall TIPproj::LoginWindow::AppMakeCall(void)" (?AppMakeCall@LoginWindow@TIPproj@@$$FQE$AAMXXZ)
MyAccount.obj : error LNK2001: unresolved external symbol "public: void __cdecl pj::Call::makeCall(class std::basic_string<char,struct std::char_traits<char>,class std::allocator<char> > const &,struct pj::CallOpParam const &)" (?makeCall@Call@pj@@$$FQEAAXAEBV?$basic_string@DU?$char_traits@D@std@@V?$allocator@D@2@@std@@AEBUCallOpParam@2@@Z)
MyCall.obj : error LNK2001: unresolved external symbol "public: void __cdecl pj::Call::makeCall(class std::basic_string<char,struct std::char_traits<char>,class std::allocator<char> > const &,struct pj::CallOpParam const &)" (?makeCall@Call@pj@@$$FQEAAXAEBV?$basic_string@DU?$char_traits@D@std@@V?$allocator@D@2@@std@@AEBUCallOpParam@2@@Z)
LoginWindow.obj : error LNK2019: unresolved external symbol "public: void __cdecl pj::Call::reinvite(struct pj::CallOpParam const &)" (?reinvite@Call@pj@@$$FQEAAXAEBUCallOpParam@2@@Z) referenced in function "private: void __clrcall TIPproj::LoginWindow::Hold_button_Click(class System::Object ^,class System::EventArgs ^)" (?Hold_button_Click@LoginWindow@TIPproj@@$$FAE$AAMXPE$AAVObject@System@@PE$AAVEventArgs@4@@Z)
MyAccount.obj : error LNK2001: unresolved external symbol "public: void __cdecl pj::Call::reinvite(struct pj::CallOpParam const &)" (?reinvite@Call@pj@@$$FQEAAXAEBUCallOpParam@2@@Z)
MyCall.obj : error LNK2001: unresolved external symbol "public: void __cdecl pj::Call::reinvite(struct pj::CallOpParam const &)" (?reinvite@Call@pj@@$$FQEAAXAEBUCallOpParam@2@@Z)
LoginWindow.obj : error LNK2019: unresolved external symbol "public: void __cdecl pj::Call::setHold(struct pj::CallOpParam const &)" (?setHold@Call@pj@@$$FQEAAXAEBUCallOpParam@2@@Z) referenced in function __catch$?Hold_button_Click@LoginWindow@TIPproj@@$$FAE$AAMXPE$AAVObject@System@@PE$AAVEventArgs@4@@Z$3
MyAccount.obj : error LNK2001: unresolved external symbol "public: void __cdecl pj::Call::setHold(struct pj::CallOpParam const &)" (?setHold@Call@pj@@$$FQEAAXAEBUCallOpParam@2@@Z)
MyCall.obj : error LNK2001: unresolved external symbol "public: void __cdecl pj::Call::setHold(struct pj::CallOpParam const &)" (?setHold@Call@pj@@$$FQEAAXAEBUCallOpParam@2@@Z)
LoginWindow.obj : error LNK2019: unresolved external symbol "public: static class pj::Endpoint & __cdecl pj::Endpoint::instance(void)" (?instance@Endpoint@pj@@$$FSAAEAV12@XZ) referenced in function "public: __clrcall TIPproj::LoginWindow::LoginWindow(void)" (??0LoginWindow@TIPproj@@$$FQE$AAM@XZ)
MyAccount.obj : error LNK2001: unresolved external symbol "public: static class pj::Endpoint & __cdecl pj::Endpoint::instance(void)" (?instance@Endpoint@pj@@$$FSAAEAV12@XZ)
MyCall.obj : error LNK2001: unresolved external symbol "public: static class pj::Endpoint & __cdecl pj::Endpoint::instance(void)" (?instance@Endpoint@pj@@$$FSAAEAV12@XZ)
LoginWindow.obj : error LNK2019: unresolved external symbol "public: __cdecl pj::Endpoint::Endpoint(void)" (??0Endpoint@pj@@$$FQEAA@XZ) referenced in function "void __clrcall Main(cli::array<System::PE$AAVString >^)" (?Main@@$$FYMXP$01EAPE$AAVString@System@@@Z)
LoginWindow.obj : error LNK2019: unresolved external symbol "public: void __cdecl pj::Endpoint::libCreate(void)" (?libCreate@Endpoint@pj@@$$FQEAAXXZ) referenced in function "void __clrcall Main(cli::array<System::PE$AAVString >^)" (?Main@@$$FYMXP$01EAPE$AAVString@System@@@Z)
LoginWindow.obj : error LNK2019: unresolved external symbol "public: virtual __cdecl pj::Endpoint::~Endpoint(void)" (??1Endpoint@pj@@$$FUEAA@XZ) referenced in function "void __clrcall Main(cli::array<System::PE$AAVString >^)" (?Main@@$$FYMXP$01EAPE$AAVString@System@@@Z)
MyAccount.obj : error LNK2019: unresolved external symbol "public: struct pj::CallInfo __cdecl pj::Call::getInfo(void)const " (?getInfo@Call@pj@@$$FQEBA?AUCallInfo@2@XZ) referenced in function "public: virtual void __cdecl MyAccount::onIncomingCall(struct pj::OnIncomingCallParam &)" (?onIncomingCall@MyAccount@@$$FUEAAXAEAUOnIncomingCallParam@pj@@@Z)
MyCall.obj : error LNK2001: unresolved external symbol "public: struct pj::CallInfo __cdecl pj::Call::getInfo(void)const " (?getInfo@Call@pj@@$$FQEBA?AUCallInfo@2@XZ)
MyAccount.obj : error LNK2019: unresolved external symbol "public: void __cdecl pj::Call::answer(struct pj::CallOpParam const &)" (?answer@Call@pj@@$$FQEAAXAEBUCallOpParam@2@@Z) referenced in function "public: virtual void __cdecl MyAccount::onIncomingCall(struct pj::OnIncomingCallParam &)" (?onIncomingCall@MyAccount@@$$FUEAAXAEAUOnIncomingCallParam@pj@@@Z)
MyAccount.obj : error LNK2019: unresolved external symbol "public: void __cdecl pj::Call::hangup(struct pj::CallOpParam const &)" (?hangup@Call@pj@@$$FQEAAXAEBUCallOpParam@2@@Z) referenced in function "public: virtual void __cdecl MyAccount::onIncomingCall(struct pj::OnIncomingCallParam &)" (?onIncomingCall@MyAccount@@$$FUEAAXAEAUOnIncomingCallParam@pj@@@Z)
MyCall.obj : error LNK2019: unresolved external symbol "public: __cdecl pj::Call::Call(class pj::Account &,int)" (??0Call@pj@@$$FQEAA@AEAVAccount@1@H@Z) referenced in function "public: __cdecl MyCall::MyCall(class pj::Account &,int)" (??0MyCall@@$$FQEAA@AEAVAccount@pj@@H@Z)
MyCall.obj : error LNK2019: unresolved external symbol "public: class pj::AudDevManager & __cdecl pj::Endpoint::audDevManager(void)" (?audDevManager@Endpoint@pj@@$$FQEAAAEAVAudDevManager@2@XZ) referenced in function "public: __cdecl MyCall::MyCall(class pj::Account &,int)" (??0MyCall@@$$FQEAA@AEAVAccount@pj@@H@Z)
MyCall.obj : error LNK2019: unresolved external symbol "public: class pj::AudioMedia & __cdecl pj::AudDevManager::getPlaybackDevMedia(void)" (?getPlaybackDevMedia@AudDevManager@pj@@$$FQEAAAEAVAudioMedia@2@XZ) referenced in function "public: __cdecl MyCall::MyCall(class pj::Account &,int)" (??0MyCall@@$$FQEAA@AEAVAccount@pj@@H@Z)
MyCall.obj : error LNK2019: unresolved external symbol "public: class pj::AudioMedia & __cdecl pj::AudDevManager::getCaptureDevMedia(void)" (?getCaptureDevMedia@AudDevManager@pj@@$$FQEAAAEAVAudioMedia@2@XZ) referenced in function "public: __cdecl MyCall::MyCall(class pj::Account &,int)" (??0MyCall@@$$FQEAA@AEAVAccount@pj@@H@Z)
MyCall.obj : error LNK2019: unresolved external symbol "public: __cdecl pj::AudioMedia::AudioMedia(void)" (??0AudioMedia@pj@@$$FQEAA@XZ) referenced in function "public: __cdecl MyCall::MyCall(class pj::Account &,int)" (??0MyCall@@$$FQEAA@AEAVAccount@pj@@H@Z)
MyCall.obj : error LNK2019: unresolved external symbol "public: virtual __cdecl pj::AudioMedia::~AudioMedia(void)" (??1AudioMedia@pj@@$$FUEAA@XZ) referenced in function "public: __cdecl MyCall::MyCall(class pj::Account &,int)" (??0MyCall@@$$FQEAA@AEAVAccount@pj@@H@Z)
MyCall.obj : error LNK2019: unresolved external symbol "public: virtual __cdecl pj::Call::~Call(void)" (??1Call@pj@@$$FUEAA@XZ) referenced in function "public: __cdecl MyCall::MyCall(class pj::Account &,int)" (??0MyCall@@$$FQEAA@AEAVAccount@pj@@H@Z)
MyCall.obj : error LNK2019: unresolved external symbol "public: class pj::AudioMedia __cdecl pj::Call::getAudioMedia(int)const " (?getAudioMedia@Call@pj@@$$FQEBA?AVAudioMedia@2@H@Z) referenced in function "public: virtual void __cdecl MyCall::onCallMediaState(struct pj::OnCallMediaStateParam &)" (?onCallMediaState@MyCall@@$$FUEAAXAEAUOnCallMediaStateParam@pj@@@Z)
MyCall.obj : error LNK2019: unresolved external symbol "public: void __cdecl pj::AudioMedia::startTransmit(class pj::AudioMedia const &)const " (?startTransmit@AudioMedia@pj@@$$FQEBAXAEBV12@@Z) referenced in function "public: virtual void __cdecl MyCall::onCallMediaState(struct pj::OnCallMediaStateParam &)" (?onCallMediaState@MyCall@@$$FUEAAXAEAUOnCallMediaStateParam@pj@@@Z)
C:\Users\Artur\Desktop\trunk\lib\libpjproject-i386-Win32-vc14-Debug-Dynamic.lib : warning LNK4272: library machine type 'x86' conflicts with target machine type 'x64'
C:\Users\Artur\source\repos\TIP\x64\Debug\TIP_proj.exe : fatal error LNK1120: 148 unresolved externals
