  LoginWindow.obj : MSIL module encountered; incremental linking is disabled for MSIL; performing full link
libpjproject-i386-Win32-vc14-Debug-Dynamic.lib(ekt.obj) : warning LNK4099: PDB 'libsrtp.pdb' was not found with 'libpjproject-i386-Win32-vc14-Debug-Dynamic.lib(ekt.obj)' or at 'C:\Users\Artur\source\repos\TIP\Debug\libsrtp.pdb'; linking object as if no debug info
libpjproject-i386-Win32-vc14-Debug-Dynamic.lib(srtp.obj) : warning LNK4099: PDB 'libsrtp.pdb' was not found with 'libpjproject-i386-Win32-vc14-Debug-Dynamic.lib(srtp.obj)' or at 'C:\Users\Artur\source\repos\TIP\Debug\libsrtp.pdb'; linking object as if no debug info
libpjproject-i386-Win32-vc14-Debug-Dynamic.lib(srtp_err.obj) : warning LNK4099: PDB 'libsrtp.pdb' was not found with 'libpjproject-i386-Win32-vc14-Debug-Dynamic.lib(srtp_err.obj)' or at 'C:\Users\Artur\source\repos\TIP\Debug\libsrtp.pdb'; linking object as if no debug info
libpjproject-i386-Win32-vc14-Debug-Dynamic.lib(rdbx.obj) : warning LNK4099: PDB 'libsrtp.pdb' was not found with 'libpjproject-i386-Win32-vc14-Debug-Dynamic.lib(rdbx.obj)' or at 'C:\Users\Artur\source\repos\TIP\Debug\libsrtp.pdb'; linking object as if no debug info
libpjproject-i386-Win32-vc14-Debug-Dynamic.lib(rdb.obj) : warning LNK4099: PDB 'libsrtp.pdb' was not found with 'libpjproject-i386-Win32-vc14-Debug-Dynamic.lib(rdb.obj)' or at 'C:\Users\Artur\source\repos\TIP\Debug\libsrtp.pdb'; linking object as if no debug info
libpjproject-i386-Win32-vc14-Debug-Dynamic.lib(stat.obj) : warning LNK4099: PDB 'libsrtp.pdb' was not found with 'libpjproject-i386-Win32-vc14-Debug-Dynamic.lib(stat.obj)' or at 'C:\Users\Artur\source\repos\TIP\Debug\libsrtp.pdb'; linking object as if no debug info
libpjproject-i386-Win32-vc14-Debug-Dynamic.lib(datatypes.obj) : warning LNK4099: PDB 'libsrtp.pdb' was not found with 'libpjproject-i386-Win32-vc14-Debug-Dynamic.lib(datatypes.obj)' or at 'C:\Users\Artur\source\repos\TIP\Debug\libsrtp.pdb'; linking object as if no debug info
libpjproject-i386-Win32-vc14-Debug-Dynamic.lib(key.obj) : warning LNK4099: PDB 'libsrtp.pdb' was not found with 'libpjproject-i386-Win32-vc14-Debug-Dynamic.lib(key.obj)' or at 'C:\Users\Artur\source\repos\TIP\Debug\libsrtp.pdb'; linking object as if no debug info
libpjproject-i386-Win32-vc14-Debug-Dynamic.lib(crypto_kernel.obj) : warning LNK4099: PDB 'libsrtp.pdb' was not found with 'libpjproject-i386-Win32-vc14-Debug-Dynamic.lib(crypto_kernel.obj)' or at 'C:\Users\Artur\source\repos\TIP\Debug\libsrtp.pdb'; linking object as if no debug info
libpjproject-i386-Win32-vc14-Debug-Dynamic.lib(alloc.obj) : warning LNK4099: PDB 'libsrtp.pdb' was not found with 'libpjproject-i386-Win32-vc14-Debug-Dynamic.lib(alloc.obj)' or at 'C:\Users\Artur\source\repos\TIP\Debug\libsrtp.pdb'; linking object as if no debug info
libpjproject-i386-Win32-vc14-Debug-Dynamic.lib(sha1.obj) : warning LNK4099: PDB 'libsrtp.pdb' was not found with 'libpjproject-i386-Win32-vc14-Debug-Dynamic.lib(sha1.obj)' or at 'C:\Users\Artur\source\repos\TIP\Debug\libsrtp.pdb'; linking object as if no debug info
libpjproject-i386-Win32-vc14-Debug-Dynamic.lib(null_auth.obj) : warning LNK4099: PDB 'libsrtp.pdb' was not found with 'libpjproject-i386-Win32-vc14-Debug-Dynamic.lib(null_auth.obj)' or at 'C:\Users\Artur\source\repos\TIP\Debug\libsrtp.pdb'; linking object as if no debug info
libpjproject-i386-Win32-vc14-Debug-Dynamic.lib(hmac.obj) : warning LNK4099: PDB 'libsrtp.pdb' was not found with 'libpjproject-i386-Win32-vc14-Debug-Dynamic.lib(hmac.obj)' or at 'C:\Users\Artur\source\repos\TIP\Debug\libsrtp.pdb'; linking object as if no debug info
libpjproject-i386-Win32-vc14-Debug-Dynamic.lib(auth.obj) : warning LNK4099: PDB 'libsrtp.pdb' was not found with 'libpjproject-i386-Win32-vc14-Debug-Dynamic.lib(auth.obj)' or at 'C:\Users\Artur\source\repos\TIP\Debug\libsrtp.pdb'; linking object as if no debug info
libpjproject-i386-Win32-vc14-Debug-Dynamic.lib(null_cipher.obj) : warning LNK4099: PDB 'libsrtp.pdb' was not found with 'libpjproject-i386-Win32-vc14-Debug-Dynamic.lib(null_cipher.obj)' or at 'C:\Users\Artur\source\repos\TIP\Debug\libsrtp.pdb'; linking object as if no debug info
libpjproject-i386-Win32-vc14-Debug-Dynamic.lib(cipher.obj) : warning LNK4099: PDB 'libsrtp.pdb' was not found with 'libpjproject-i386-Win32-vc14-Debug-Dynamic.lib(cipher.obj)' or at 'C:\Users\Artur\source\repos\TIP\Debug\libsrtp.pdb'; linking object as if no debug info
libpjproject-i386-Win32-vc14-Debug-Dynamic.lib(aes_icm.obj) : warning LNK4099: PDB 'libsrtp.pdb' was not found with 'libpjproject-i386-Win32-vc14-Debug-Dynamic.lib(aes_icm.obj)' or at 'C:\Users\Artur\source\repos\TIP\Debug\libsrtp.pdb'; linking object as if no debug info
libpjproject-i386-Win32-vc14-Debug-Dynamic.lib(aes.obj) : warning LNK4099: PDB 'libsrtp.pdb' was not found with 'libpjproject-i386-Win32-vc14-Debug-Dynamic.lib(aes.obj)' or at 'C:\Users\Artur\source\repos\TIP\Debug\libsrtp.pdb'; linking object as if no debug info
libpjproject-i386-Win32-vc14-Debug-Dynamic.lib(window.obj) : warning LNK4099: PDB 'libspeex.pdb' was not found with 'libpjproject-i386-Win32-vc14-Debug-Dynamic.lib(window.obj)' or at 'C:\Users\Artur\source\repos\TIP\Debug\libspeex.pdb'; linking object as if no debug info
libpjproject-i386-Win32-vc14-Debug-Dynamic.lib(vq.obj) : warning LNK4099: PDB 'libspeex.pdb' was not found with 'libpjproject-i386-Win32-vc14-Debug-Dynamic.lib(vq.obj)' or at 'C:\Users\Artur\source\repos\TIP\Debug\libspeex.pdb'; linking object as if no debug info
libpjproject-i386-Win32-vc14-Debug-Dynamic.lib(vbr.obj) : warning LNK4099: PDB 'libspeex.pdb' was not found with 'libpjproject-i386-Win32-vc14-Debug-Dynamic.lib(vbr.obj)' or at 'C:\Users\Artur\source\repos\TIP\Debug\libspeex.pdb'; linking object as if no debug info
libpjproject-i386-Win32-vc14-Debug-Dynamic.lib(speex_callbacks.obj) : warning LNK4099: PDB 'libspeex.pdb' was not found with 'libpjproject-i386-Win32-vc14-Debug-Dynamic.lib(speex_callbacks.obj)' or at 'C:\Users\Artur\source\repos\TIP\Debug\libspeex.pdb'; linking object as if no debug info
libpjproject-i386-Win32-vc14-Debug-Dynamic.lib(speex.obj) : warning LNK4099: PDB 'libspeex.pdb' was not found with 'libpjproject-i386-Win32-vc14-Debug-Dynamic.lib(speex.obj)' or at 'C:\Users\Artur\source\repos\TIP\Debug\libspeex.pdb'; linking object as if no debug info
libpjproject-i386-Win32-vc14-Debug-Dynamic.lib(smallft.obj) : warning LNK4099: PDB 'libspeex.pdb' was not found with 'libpjproject-i386-Win32-vc14-Debug-Dynamic.lib(smallft.obj)' or at 'C:\Users\Artur\source\repos\TIP\Debug\libspeex.pdb'; linking object as if no debug info
libpjproject-i386-Win32-vc14-Debug-Dynamic.lib(sb_celp.obj) : warning LNK4099: PDB 'libspeex.pdb' was not found with 'libpjproject-i386-Win32-vc14-Debug-Dynamic.lib(sb_celp.obj)' or at 'C:\Users\Artur\source\repos\TIP\Debug\libspeex.pdb'; linking object as if no debug info
libpjproject-i386-Win32-vc14-Debug-Dynamic.lib(quant_lsp.obj) : warning LNK4099: PDB 'libspeex.pdb' was not found with 'libpjproject-i386-Win32-vc14-Debug-Dynamic.lib(quant_lsp.obj)' or at 'C:\Users\Artur\source\repos\TIP\Debug\libspeex.pdb'; linking object as if no debug info
libpjproject-i386-Win32-vc14-Debug-Dynamic.lib(preprocess.obj) : warning LNK4099: PDB 'libspeex.pdb' was not found with 'libpjproject-i386-Win32-vc14-Debug-Dynamic.lib(preprocess.obj)' or at 'C:\Users\Artur\source\repos\TIP\Debug\libspeex.pdb'; linking object as if no debug info
libpjproject-i386-Win32-vc14-Debug-Dynamic.lib(nb_celp.obj) : warning LNK4099: PDB 'libspeex.pdb' was not found with 'libpjproject-i386-Win32-vc14-Debug-Dynamic.lib(nb_celp.obj)' or at 'C:\Users\Artur\source\repos\TIP\Debug\libspeex.pdb'; linking object as if no debug info
libpjproject-i386-Win32-vc14-Debug-Dynamic.lib(modes_wb.obj) : warning LNK4099: PDB 'libspeex.pdb' was not found with 'libpjproject-i386-Win32-vc14-Debug-Dynamic.lib(modes_wb.obj)' or at 'C:\Users\Artur\source\repos\TIP\Debug\libspeex.pdb'; linking object as if no debug info
libpjproject-i386-Win32-vc14-Debug-Dynamic.lib(modes.obj) : warning LNK4099: PDB 'libspeex.pdb' was not found with 'libpjproject-i386-Win32-vc14-Debug-Dynamic.lib(modes.obj)' or at 'C:\Users\Artur\source\repos\TIP\Debug\libspeex.pdb'; linking object as if no debug info
libpjproject-i386-Win32-vc14-Debug-Dynamic.lib(mdf.obj) : warning LNK4099: PDB 'libspeex.pdb' was not found with 'libpjproject-i386-Win32-vc14-Debug-Dynamic.lib(mdf.obj)' or at 'C:\Users\Artur\source\repos\TIP\Debug\libspeex.pdb'; linking object as if no debug info
libpjproject-i386-Win32-vc14-Debug-Dynamic.lib(ltp.obj) : warning LNK4099: PDB 'libspeex.pdb' was not found with 'libpjproject-i386-Win32-vc14-Debug-Dynamic.lib(ltp.obj)' or at 'C:\Users\Artur\source\repos\TIP\Debug\libspeex.pdb'; linking object as if no debug info
libpjproject-i386-Win32-vc14-Debug-Dynamic.lib(lsp_tables_nb.obj) : warning LNK4099: PDB 'libspeex.pdb' was not found with 'libpjproject-i386-Win32-vc14-Debug-Dynamic.lib(lsp_tables_nb.obj)' or at 'C:\Users\Artur\source\repos\TIP\Debug\libspeex.pdb'; linking object as if no debug info
libpjproject-i386-Win32-vc14-Debug-Dynamic.lib(lsp.obj) : warning LNK4099: PDB 'libspeex.pdb' was not found with 'libpjproject-i386-Win32-vc14-Debug-Dynamic.lib(lsp.obj)' or at 'C:\Users\Artur\source\repos\TIP\Debug\libspeex.pdb'; linking object as if no debug info
libpjproject-i386-Win32-vc14-Debug-Dynamic.lib(lpc.obj) : warning LNK4099: PDB 'libspeex.pdb' was not found with 'libpjproject-i386-Win32-vc14-Debug-Dynamic.lib(lpc.obj)' or at 'C:\Users\Artur\source\repos\TIP\Debug\libspeex.pdb'; linking object as if no debug info
libpjproject-i386-Win32-vc14-Debug-Dynamic.lib(high_lsp_tables.obj) : warning LNK4099: PDB 'libspeex.pdb' was not found with 'libpjproject-i386-Win32-vc14-Debug-Dynamic.lib(high_lsp_tables.obj)' or at 'C:\Users\Artur\source\repos\TIP\Debug\libspeex.pdb'; linking object as if no debug info
libpjproject-i386-Win32-vc14-Debug-Dynamic.lib(hexc_table.obj) : warning LNK4099: PDB 'libspeex.pdb' was not found with 'libpjproject-i386-Win32-vc14-Debug-Dynamic.lib(hexc_table.obj)' or at 'C:\Users\Artur\source\repos\TIP\Debug\libspeex.pdb'; linking object as if no debug info
libpjproject-i386-Win32-vc14-Debug-Dynamic.lib(hexc_10_32_table.obj) : warning LNK4099: PDB 'libspeex.pdb' was not found with 'libpjproject-i386-Win32-vc14-Debug-Dynamic.lib(hexc_10_32_table.obj)' or at 'C:\Users\Artur\source\repos\TIP\Debug\libspeex.pdb'; linking object as if no debug info
libpjproject-i386-Win32-vc14-Debug-Dynamic.lib(gain_table_lbr.obj) : warning LNK4099: PDB 'libspeex.pdb' was not found with 'libpjproject-i386-Win32-vc14-Debug-Dynamic.lib(gain_table_lbr.obj)' or at 'C:\Users\Artur\source\repos\TIP\Debug\libspeex.pdb'; linking object as if no debug info
libpjproject-i386-Win32-vc14-Debug-Dynamic.lib(gain_table.obj) : warning LNK4099: PDB 'libspeex.pdb' was not found with 'libpjproject-i386-Win32-vc14-Debug-Dynamic.lib(gain_table.obj)' or at 'C:\Users\Artur\source\repos\TIP\Debug\libspeex.pdb'; linking object as if no debug info
libpjproject-i386-Win32-vc14-Debug-Dynamic.lib(filters.obj) : warning LNK4099: PDB 'libspeex.pdb' was not found with 'libpjproject-i386-Win32-vc14-Debug-Dynamic.lib(filters.obj)' or at 'C:\Users\Artur\source\repos\TIP\Debug\libspeex.pdb'; linking object as if no debug info
libpjproject-i386-Win32-vc14-Debug-Dynamic.lib(filterbank.obj) : warning LNK4099: PDB 'libspeex.pdb' was not found with 'libpjproject-i386-Win32-vc14-Debug-Dynamic.lib(filterbank.obj)' or at 'C:\Users\Artur\source\repos\TIP\Debug\libspeex.pdb'; linking object as if no debug info
libpjproject-i386-Win32-vc14-Debug-Dynamic.lib(fftwrap.obj) : warning LNK4099: PDB 'libspeex.pdb' was not found with 'libpjproject-i386-Win32-vc14-Debug-Dynamic.lib(fftwrap.obj)' or at 'C:\Users\Artur\source\repos\TIP\Debug\libspeex.pdb'; linking object as if no debug info
libpjproject-i386-Win32-vc14-Debug-Dynamic.lib(exc_8_128_table.obj) : warning LNK4099: PDB 'libspeex.pdb' was not found with 'libpjproject-i386-Win32-vc14-Debug-Dynamic.lib(exc_8_128_table.obj)' or at 'C:\Users\Artur\source\repos\TIP\Debug\libspeex.pdb'; linking object as if no debug info
libpjproject-i386-Win32-vc14-Debug-Dynamic.lib(exc_5_64_table.obj) : warning LNK4099: PDB 'libspeex.pdb' was not found with 'libpjproject-i386-Win32-vc14-Debug-Dynamic.lib(exc_5_64_table.obj)' or at 'C:\Users\Artur\source\repos\TIP\Debug\libspeex.pdb'; linking object as if no debug info
libpjproject-i386-Win32-vc14-Debug-Dynamic.lib(exc_5_256_table.obj) : warning LNK4099: PDB 'libspeex.pdb' was not found with 'libpjproject-i386-Win32-vc14-Debug-Dynamic.lib(exc_5_256_table.obj)' or at 'C:\Users\Artur\source\repos\TIP\Debug\libspeex.pdb'; linking object as if no debug info
libpjproject-i386-Win32-vc14-Debug-Dynamic.lib(exc_20_32_table.obj) : warning LNK4099: PDB 'libspeex.pdb' was not found with 'libpjproject-i386-Win32-vc14-Debug-Dynamic.lib(exc_20_32_table.obj)' or at 'C:\Users\Artur\source\repos\TIP\Debug\libspeex.pdb'; linking object as if no debug info
libpjproject-i386-Win32-vc14-Debug-Dynamic.lib(exc_10_32_table.obj) : warning LNK4099: PDB 'libspeex.pdb' was not found with 'libpjproject-i386-Win32-vc14-Debug-Dynamic.lib(exc_10_32_table.obj)' or at 'C:\Users\Artur\source\repos\TIP\Debug\libspeex.pdb'; linking object as if no debug info
libpjproject-i386-Win32-vc14-Debug-Dynamic.lib(exc_10_16_table.obj) : warning LNK4099: PDB 'libspeex.pdb' was not found with 'libpjproject-i386-Win32-vc14-Debug-Dynamic.lib(exc_10_16_table.obj)' or at 'C:\Users\Artur\source\repos\TIP\Debug\libspeex.pdb'; linking object as if no debug info
libpjproject-i386-Win32-vc14-Debug-Dynamic.lib(cb_search.obj) : warning LNK4099: PDB 'libspeex.pdb' was not found with 'libpjproject-i386-Win32-vc14-Debug-Dynamic.lib(cb_search.obj)' or at 'C:\Users\Artur\source\repos\TIP\Debug\libspeex.pdb'; linking object as if no debug info
libpjproject-i386-Win32-vc14-Debug-Dynamic.lib(bits.obj) : warning LNK4099: PDB 'libspeex.pdb' was not found with 'libpjproject-i386-Win32-vc14-Debug-Dynamic.lib(bits.obj)' or at 'C:\Users\Artur\source\repos\TIP\Debug\libspeex.pdb'; linking object as if no debug info
libpjproject-i386-Win32-vc14-Debug-Dynamic.lib(resamplesubs.obj) : warning LNK4099: PDB 'libresample.pdb' was not found with 'libpjproject-i386-Win32-vc14-Debug-Dynamic.lib(resamplesubs.obj)' or at 'C:\Users\Artur\source\repos\TIP\Debug\libresample.pdb'; linking object as if no debug info
libpjproject-i386-Win32-vc14-Debug-Dynamic.lib(syntFilter.obj) : warning LNK4099: PDB 'libilbccodec.pdb' was not found with 'libpjproject-i386-Win32-vc14-Debug-Dynamic.lib(syntFilter.obj)' or at 'C:\Users\Artur\source\repos\TIP\Debug\libilbccodec.pdb'; linking object as if no debug info
libpjproject-i386-Win32-vc14-Debug-Dynamic.lib(StateSearchW.obj) : warning LNK4099: PDB 'libilbccodec.pdb' was not found with 'libpjproject-i386-Win32-vc14-Debug-Dynamic.lib(StateSearchW.obj)' or at 'C:\Users\Artur\source\repos\TIP\Debug\libilbccodec.pdb'; linking object as if no debug info
libpjproject-i386-Win32-vc14-Debug-Dynamic.lib(StateConstructW.obj) : warning LNK4099: PDB 'libilbccodec.pdb' was not found with 'libpjproject-i386-Win32-vc14-Debug-Dynamic.lib(StateConstructW.obj)' or at 'C:\Users\Artur\source\repos\TIP\Debug\libilbccodec.pdb'; linking object as if no debug info
libpjproject-i386-Win32-vc14-Debug-Dynamic.lib(packing.obj) : warning LNK4099: PDB 'libilbccodec.pdb' was not found with 'libpjproject-i386-Win32-vc14-Debug-Dynamic.lib(packing.obj)' or at 'C:\Users\Artur\source\repos\TIP\Debug\libilbccodec.pdb'; linking object as if no debug info
libpjproject-i386-Win32-vc14-Debug-Dynamic.lib(lsf.obj) : warning LNK4099: PDB 'libilbccodec.pdb' was not found with 'libpjproject-i386-Win32-vc14-Debug-Dynamic.lib(lsf.obj)' or at 'C:\Users\Artur\source\repos\TIP\Debug\libilbccodec.pdb'; linking object as if no debug info
libpjproject-i386-Win32-vc14-Debug-Dynamic.lib(LPCencode.obj) : warning LNK4099: PDB 'libilbccodec.pdb' was not found with 'libpjproject-i386-Win32-vc14-Debug-Dynamic.lib(LPCencode.obj)' or at 'C:\Users\Artur\source\repos\TIP\Debug\libilbccodec.pdb'; linking object as if no debug info
libpjproject-i386-Win32-vc14-Debug-Dynamic.lib(LPCdecode.obj) : warning LNK4099: PDB 'libilbccodec.pdb' was not found with 'libpjproject-i386-Win32-vc14-Debug-Dynamic.lib(LPCdecode.obj)' or at 'C:\Users\Artur\source\repos\TIP\Debug\libilbccodec.pdb'; linking object as if no debug info
libpjproject-i386-Win32-vc14-Debug-Dynamic.lib(iLBC_encode.obj) : warning LNK4099: PDB 'libilbccodec.pdb' was not found with 'libpjproject-i386-Win32-vc14-Debug-Dynamic.lib(iLBC_encode.obj)' or at 'C:\Users\Artur\source\repos\TIP\Debug\libilbccodec.pdb'; linking object as if no debug info
libpjproject-i386-Win32-vc14-Debug-Dynamic.lib(iLBC_decode.obj) : warning LNK4099: PDB 'libilbccodec.pdb' was not found with 'libpjproject-i386-Win32-vc14-Debug-Dynamic.lib(iLBC_decode.obj)' or at 'C:\Users\Artur\source\repos\TIP\Debug\libilbccodec.pdb'; linking object as if no debug info
libpjproject-i386-Win32-vc14-Debug-Dynamic.lib(iCBSearch.obj) : warning LNK4099: PDB 'libilbccodec.pdb' was not found with 'libpjproject-i386-Win32-vc14-Debug-Dynamic.lib(iCBSearch.obj)' or at 'C:\Users\Artur\source\repos\TIP\Debug\libilbccodec.pdb'; linking object as if no debug info
libpjproject-i386-Win32-vc14-Debug-Dynamic.lib(iCBConstruct.obj) : warning LNK4099: PDB 'libilbccodec.pdb' was not found with 'libpjproject-i386-Win32-vc14-Debug-Dynamic.lib(iCBConstruct.obj)' or at 'C:\Users\Artur\source\repos\TIP\Debug\libilbccodec.pdb'; linking object as if no debug info
libpjproject-i386-Win32-vc14-Debug-Dynamic.lib(hpOutput.obj) : warning LNK4099: PDB 'libilbccodec.pdb' was not found with 'libpjproject-i386-Win32-vc14-Debug-Dynamic.lib(hpOutput.obj)' or at 'C:\Users\Artur\source\repos\TIP\Debug\libilbccodec.pdb'; linking object as if no debug info
libpjproject-i386-Win32-vc14-Debug-Dynamic.lib(hpInput.obj) : warning LNK4099: PDB 'libilbccodec.pdb' was not found with 'libpjproject-i386-Win32-vc14-Debug-Dynamic.lib(hpInput.obj)' or at 'C:\Users\Artur\source\repos\TIP\Debug\libilbccodec.pdb'; linking object as if no debug info
libpjproject-i386-Win32-vc14-Debug-Dynamic.lib(helpfun.obj) : warning LNK4099: PDB 'libilbccodec.pdb' was not found with 'libpjproject-i386-Win32-vc14-Debug-Dynamic.lib(helpfun.obj)' or at 'C:\Users\Artur\source\repos\TIP\Debug\libilbccodec.pdb'; linking object as if no debug info
libpjproject-i386-Win32-vc14-Debug-Dynamic.lib(getCBvec.obj) : warning LNK4099: PDB 'libilbccodec.pdb' was not found with 'libpjproject-i386-Win32-vc14-Debug-Dynamic.lib(getCBvec.obj)' or at 'C:\Users\Artur\source\repos\TIP\Debug\libilbccodec.pdb'; linking object as if no debug info
libpjproject-i386-Win32-vc14-Debug-Dynamic.lib(gainquant.obj) : warning LNK4099: PDB 'libilbccodec.pdb' was not found with 'libpjproject-i386-Win32-vc14-Debug-Dynamic.lib(gainquant.obj)' or at 'C:\Users\Artur\source\repos\TIP\Debug\libilbccodec.pdb'; linking object as if no debug info
libpjproject-i386-Win32-vc14-Debug-Dynamic.lib(FrameClassify.obj) : warning LNK4099: PDB 'libilbccodec.pdb' was not found with 'libpjproject-i386-Win32-vc14-Debug-Dynamic.lib(FrameClassify.obj)' or at 'C:\Users\Artur\source\repos\TIP\Debug\libilbccodec.pdb'; linking object as if no debug info
libpjproject-i386-Win32-vc14-Debug-Dynamic.lib(filter.obj) : warning LNK4099: PDB 'libilbccodec.pdb' was not found with 'libpjproject-i386-Win32-vc14-Debug-Dynamic.lib(filter.obj)' or at 'C:\Users\Artur\source\repos\TIP\Debug\libilbccodec.pdb'; linking object as if no debug info
libpjproject-i386-Win32-vc14-Debug-Dynamic.lib(enhancer.obj) : warning LNK4099: PDB 'libilbccodec.pdb' was not found with 'libpjproject-i386-Win32-vc14-Debug-Dynamic.lib(enhancer.obj)' or at 'C:\Users\Artur\source\repos\TIP\Debug\libilbccodec.pdb'; linking object as if no debug info
libpjproject-i386-Win32-vc14-Debug-Dynamic.lib(doCPLC.obj) : warning LNK4099: PDB 'libilbccodec.pdb' was not found with 'libpjproject-i386-Win32-vc14-Debug-Dynamic.lib(doCPLC.obj)' or at 'C:\Users\Artur\source\repos\TIP\Debug\libilbccodec.pdb'; linking object as if no debug info
libpjproject-i386-Win32-vc14-Debug-Dynamic.lib(createCB.obj) : warning LNK4099: PDB 'libilbccodec.pdb' was not found with 'libpjproject-i386-Win32-vc14-Debug-Dynamic.lib(createCB.obj)' or at 'C:\Users\Artur\source\repos\TIP\Debug\libilbccodec.pdb'; linking object as if no debug info
libpjproject-i386-Win32-vc14-Debug-Dynamic.lib(constants.obj) : warning LNK4099: PDB 'libilbccodec.pdb' was not found with 'libpjproject-i386-Win32-vc14-Debug-Dynamic.lib(constants.obj)' or at 'C:\Users\Artur\source\repos\TIP\Debug\libilbccodec.pdb'; linking object as if no debug info
libpjproject-i386-Win32-vc14-Debug-Dynamic.lib(anaFilter.obj) : warning LNK4099: PDB 'libilbccodec.pdb' was not found with 'libpjproject-i386-Win32-vc14-Debug-Dynamic.lib(anaFilter.obj)' or at 'C:\Users\Artur\source\repos\TIP\Debug\libilbccodec.pdb'; linking object as if no debug info
libpjproject-i386-Win32-vc14-Debug-Dynamic.lib(table.obj) : warning LNK4099: PDB 'libgsmcodec.pdb' was not found with 'libpjproject-i386-Win32-vc14-Debug-Dynamic.lib(table.obj)' or at 'C:\Users\Artur\source\repos\TIP\Debug\libgsmcodec.pdb'; linking object as if no debug info
libpjproject-i386-Win32-vc14-Debug-Dynamic.lib(short_term.obj) : warning LNK4099: PDB 'libgsmcodec.pdb' was not found with 'libpjproject-i386-Win32-vc14-Debug-Dynamic.lib(short_term.obj)' or at 'C:\Users\Artur\source\repos\TIP\Debug\libgsmcodec.pdb'; linking object as if no debug info
libpjproject-i386-Win32-vc14-Debug-Dynamic.lib(rpe.obj) : warning LNK4099: PDB 'libgsmcodec.pdb' was not found with 'libpjproject-i386-Win32-vc14-Debug-Dynamic.lib(rpe.obj)' or at 'C:\Users\Artur\source\repos\TIP\Debug\libgsmcodec.pdb'; linking object as if no debug info
libpjproject-i386-Win32-vc14-Debug-Dynamic.lib(preprocess.obj) : warning LNK4099: PDB 'libgsmcodec.pdb' was not found with 'libpjproject-i386-Win32-vc14-Debug-Dynamic.lib(preprocess.obj)' or at 'C:\Users\Artur\source\repos\TIP\Debug\libgsmcodec.pdb'; linking object as if no debug info
libpjproject-i386-Win32-vc14-Debug-Dynamic.lib(lpc.obj) : warning LNK4099: PDB 'libgsmcodec.pdb' was not found with 'libpjproject-i386-Win32-vc14-Debug-Dynamic.lib(lpc.obj)' or at 'C:\Users\Artur\source\repos\TIP\Debug\libgsmcodec.pdb'; linking object as if no debug info
libpjproject-i386-Win32-vc14-Debug-Dynamic.lib(long_term.obj) : warning LNK4099: PDB 'libgsmcodec.pdb' was not found with 'libpjproject-i386-Win32-vc14-Debug-Dynamic.lib(long_term.obj)' or at 'C:\Users\Artur\source\repos\TIP\Debug\libgsmcodec.pdb'; linking object as if no debug info
libpjproject-i386-Win32-vc14-Debug-Dynamic.lib(gsm_encode.obj) : warning LNK4099: PDB 'libgsmcodec.pdb' was not found with 'libpjproject-i386-Win32-vc14-Debug-Dynamic.lib(gsm_encode.obj)' or at 'C:\Users\Artur\source\repos\TIP\Debug\libgsmcodec.pdb'; linking object as if no debug info
libpjproject-i386-Win32-vc14-Debug-Dynamic.lib(gsm_destroy.obj) : warning LNK4099: PDB 'libgsmcodec.pdb' was not found with 'libpjproject-i386-Win32-vc14-Debug-Dynamic.lib(gsm_destroy.obj)' or at 'C:\Users\Artur\source\repos\TIP\Debug\libgsmcodec.pdb'; linking object as if no debug info
libpjproject-i386-Win32-vc14-Debug-Dynamic.lib(gsm_decode.obj) : warning LNK4099: PDB 'libgsmcodec.pdb' was not found with 'libpjproject-i386-Win32-vc14-Debug-Dynamic.lib(gsm_decode.obj)' or at 'C:\Users\Artur\source\repos\TIP\Debug\libgsmcodec.pdb'; linking object as if no debug info
libpjproject-i386-Win32-vc14-Debug-Dynamic.lib(gsm_create.obj) : warning LNK4099: PDB 'libgsmcodec.pdb' was not found with 'libpjproject-i386-Win32-vc14-Debug-Dynamic.lib(gsm_create.obj)' or at 'C:\Users\Artur\source\repos\TIP\Debug\libgsmcodec.pdb'; linking object as if no debug info
libpjproject-i386-Win32-vc14-Debug-Dynamic.lib(decode.obj) : warning LNK4099: PDB 'libgsmcodec.pdb' was not found with 'libpjproject-i386-Win32-vc14-Debug-Dynamic.lib(decode.obj)' or at 'C:\Users\Artur\source\repos\TIP\Debug\libgsmcodec.pdb'; linking object as if no debug info
libpjproject-i386-Win32-vc14-Debug-Dynamic.lib(code.obj) : warning LNK4099: PDB 'libgsmcodec.pdb' was not found with 'libpjproject-i386-Win32-vc14-Debug-Dynamic.lib(code.obj)' or at 'C:\Users\Artur\source\repos\TIP\Debug\libgsmcodec.pdb'; linking object as if no debug info
libpjproject-i386-Win32-vc14-Debug-Dynamic.lib(add.obj) : warning LNK4099: PDB 'libgsmcodec.pdb' was not found with 'libpjproject-i386-Win32-vc14-Debug-Dynamic.lib(add.obj)' or at 'C:\Users\Artur\source\repos\TIP\Debug\libgsmcodec.pdb'; linking object as if no debug info
libpjproject-i386-Win32-vc14-Debug-Dynamic.lib(pjsua_pres.obj) : warning LNK4099: PDB 'pjsua_lib.pdb' was not found with 'libpjproject-i386-Win32-vc14-Debug-Dynamic.lib(pjsua_pres.obj)' or at 'C:\Users\Artur\source\repos\TIP\Debug\pjsua_lib.pdb'; linking object as if no debug info
libpjproject-i386-Win32-vc14-Debug-Dynamic.lib(pjsua_media.obj) : warning LNK4099: PDB 'pjsua_lib.pdb' was not found with 'libpjproject-i386-Win32-vc14-Debug-Dynamic.lib(pjsua_media.obj)' or at 'C:\Users\Artur\source\repos\TIP\Debug\pjsua_lib.pdb'; linking object as if no debug info
libpjproject-i386-Win32-vc14-Debug-Dynamic.lib(pjsua_im.obj) : warning LNK4099: PDB 'pjsua_lib.pdb' was not found with 'libpjproject-i386-Win32-vc14-Debug-Dynamic.lib(pjsua_im.obj)' or at 'C:\Users\Artur\source\repos\TIP\Debug\pjsua_lib.pdb'; linking object as if no debug info
libpjproject-i386-Win32-vc14-Debug-Dynamic.lib(pjsua_dump.obj) : warning LNK4099: PDB 'pjsua_lib.pdb' was not found with 'libpjproject-i386-Win32-vc14-Debug-Dynamic.lib(pjsua_dump.obj)' or at 'C:\Users\Artur\source\repos\TIP\Debug\pjsua_lib.pdb'; linking object as if no debug info
libpjproject-i386-Win32-vc14-Debug-Dynamic.lib(pjsua_core.obj) : warning LNK4099: PDB 'pjsua_lib.pdb' was not found with 'libpjproject-i386-Win32-vc14-Debug-Dynamic.lib(pjsua_core.obj)' or at 'C:\Users\Artur\source\repos\TIP\Debug\pjsua_lib.pdb'; linking object as if no debug info
libpjproject-i386-Win32-vc14-Debug-Dynamic.lib(pjsua_call.obj) : warning LNK4099: PDB 'pjsua_lib.pdb' was not found with 'libpjproject-i386-Win32-vc14-Debug-Dynamic.lib(pjsua_call.obj)' or at 'C:\Users\Artur\source\repos\TIP\Debug\pjsua_lib.pdb'; linking object as if no debug info
libpjproject-i386-Win32-vc14-Debug-Dynamic.lib(pjsua_aud.obj) : warning LNK4099: PDB 'pjsua_lib.pdb' was not found with 'libpjproject-i386-Win32-vc14-Debug-Dynamic.lib(pjsua_aud.obj)' or at 'C:\Users\Artur\source\repos\TIP\Debug\pjsua_lib.pdb'; linking object as if no debug info
libpjproject-i386-Win32-vc14-Debug-Dynamic.lib(pjsua_acc.obj) : warning LNK4099: PDB 'pjsua_lib.pdb' was not found with 'libpjproject-i386-Win32-vc14-Debug-Dynamic.lib(pjsua_acc.obj)' or at 'C:\Users\Artur\source\repos\TIP\Debug\pjsua_lib.pdb'; linking object as if no debug info
libpjproject-i386-Win32-vc14-Debug-Dynamic.lib(types.obj) : warning LNK4099: PDB 'pjsua2_lib.pdb' was not found with 'libpjproject-i386-Win32-vc14-Debug-Dynamic.lib(types.obj)' or at 'C:\Users\Artur\source\repos\TIP\Debug\pjsua2_lib.pdb'; linking object as if no debug info
libpjproject-i386-Win32-vc14-Debug-Dynamic.lib(siptypes.obj) : warning LNK4099: PDB 'pjsua2_lib.pdb' was not found with 'libpjproject-i386-Win32-vc14-Debug-Dynamic.lib(siptypes.obj)' or at 'C:\Users\Artur\source\repos\TIP\Debug\pjsua2_lib.pdb'; linking object as if no debug info
libpjproject-i386-Win32-vc14-Debug-Dynamic.lib(presence.obj) : warning LNK4099: PDB 'pjsua2_lib.pdb' was not found with 'libpjproject-i386-Win32-vc14-Debug-Dynamic.lib(presence.obj)' or at 'C:\Users\Artur\source\repos\TIP\Debug\pjsua2_lib.pdb'; linking object as if no debug info
libpjproject-i386-Win32-vc14-Debug-Dynamic.lib(persistent.obj) : warning LNK4099: PDB 'pjsua2_lib.pdb' was not found with 'libpjproject-i386-Win32-vc14-Debug-Dynamic.lib(persistent.obj)' or at 'C:\Users\Artur\source\repos\TIP\Debug\pjsua2_lib.pdb'; linking object as if no debug info
libpjproject-i386-Win32-vc14-Debug-Dynamic.lib(media.obj) : warning LNK4099: PDB 'pjsua2_lib.pdb' was not found with 'libpjproject-i386-Win32-vc14-Debug-Dynamic.lib(media.obj)' or at 'C:\Users\Artur\source\repos\TIP\Debug\pjsua2_lib.pdb'; linking object as if no debug info
libpjproject-i386-Win32-vc14-Debug-Dynamic.lib(endpoint.obj) : warning LNK4099: PDB 'pjsua2_lib.pdb' was not found with 'libpjproject-i386-Win32-vc14-Debug-Dynamic.lib(endpoint.obj)' or at 'C:\Users\Artur\source\repos\TIP\Debug\pjsua2_lib.pdb'; linking object as if no debug info
libpjproject-i386-Win32-vc14-Debug-Dynamic.lib(call.obj) : warning LNK4099: PDB 'pjsua2_lib.pdb' was not found with 'libpjproject-i386-Win32-vc14-Debug-Dynamic.lib(call.obj)' or at 'C:\Users\Artur\source\repos\TIP\Debug\pjsua2_lib.pdb'; linking object as if no debug info
libpjproject-i386-Win32-vc14-Debug-Dynamic.lib(account.obj) : warning LNK4099: PDB 'pjsua2_lib.pdb' was not found with 'libpjproject-i386-Win32-vc14-Debug-Dynamic.lib(account.obj)' or at 'C:\Users\Artur\source\repos\TIP\Debug\pjsua2_lib.pdb'; linking object as if no debug info
libpjproject-i386-Win32-vc14-Debug-Dynamic.lib(sip_xfer.obj) : warning LNK4099: PDB 'pjsip_ua.pdb' was not found with 'libpjproject-i386-Win32-vc14-Debug-Dynamic.lib(sip_xfer.obj)' or at 'C:\Users\Artur\source\repos\TIP\Debug\pjsip_ua.pdb'; linking object as if no debug info
libpjproject-i386-Win32-vc14-Debug-Dynamic.lib(sip_timer.obj) : warning LNK4099: PDB 'pjsip_ua.pdb' was not found with 'libpjproject-i386-Win32-vc14-Debug-Dynamic.lib(sip_timer.obj)' or at 'C:\Users\Artur\source\repos\TIP\Debug\pjsip_ua.pdb'; linking object as if no debug info
libpjproject-i386-Win32-vc14-Debug-Dynamic.lib(sip_replaces.obj) : warning LNK4099: PDB 'pjsip_ua.pdb' was not found with 'libpjproject-i386-Win32-vc14-Debug-Dynamic.lib(sip_replaces.obj)' or at 'C:\Users\Artur\source\repos\TIP\Debug\pjsip_ua.pdb'; linking object as if no debug info
libpjproject-i386-Win32-vc14-Debug-Dynamic.lib(sip_reg.obj) : warning LNK4099: PDB 'pjsip_ua.pdb' was not found with 'libpjproject-i386-Win32-vc14-Debug-Dynamic.lib(sip_reg.obj)' or at 'C:\Users\Artur\source\repos\TIP\Debug\pjsip_ua.pdb'; linking object as if no debug info
libpjproject-i386-Win32-vc14-Debug-Dynamic.lib(sip_inv.obj) : warning LNK4099: PDB 'pjsip_ua.pdb' was not found with 'libpjproject-i386-Win32-vc14-Debug-Dynamic.lib(sip_inv.obj)' or at 'C:\Users\Artur\source\repos\TIP\Debug\pjsip_ua.pdb'; linking object as if no debug info
libpjproject-i386-Win32-vc14-Debug-Dynamic.lib(sip_100rel.obj) : warning LNK4099: PDB 'pjsip_ua.pdb' was not found with 'libpjproject-i386-Win32-vc14-Debug-Dynamic.lib(sip_100rel.obj)' or at 'C:\Users\Artur\source\repos\TIP\Debug\pjsip_ua.pdb'; linking object as if no debug info
libpjproject-i386-Win32-vc14-Debug-Dynamic.lib(xpidf.obj) : warning LNK4099: PDB 'pjsip_simple.pdb' was not found with 'libpjproject-i386-Win32-vc14-Debug-Dynamic.lib(xpidf.obj)' or at 'C:\Users\Artur\source\repos\TIP\Debug\pjsip_simple.pdb'; linking object as if no debug info
libpjproject-i386-Win32-vc14-Debug-Dynamic.lib(rpid.obj) : warning LNK4099: PDB 'pjsip_simple.pdb' was not found with 'libpjproject-i386-Win32-vc14-Debug-Dynamic.lib(rpid.obj)' or at 'C:\Users\Artur\source\repos\TIP\Debug\pjsip_simple.pdb'; linking object as if no debug info
libpjproject-i386-Win32-vc14-Debug-Dynamic.lib(publishc.obj) : warning LNK4099: PDB 'pjsip_simple.pdb' was not found with 'libpjproject-i386-Win32-vc14-Debug-Dynamic.lib(publishc.obj)' or at 'C:\Users\Artur\source\repos\TIP\Debug\pjsip_simple.pdb'; linking object as if no debug info
libpjproject-i386-Win32-vc14-Debug-Dynamic.lib(presence_body.obj) : warning LNK4099: PDB 'pjsip_simple.pdb' was not found with 'libpjproject-i386-Win32-vc14-Debug-Dynamic.lib(presence_body.obj)' or at 'C:\Users\Artur\source\repos\TIP\Debug\pjsip_simple.pdb'; linking object as if no debug info
libpjproject-i386-Win32-vc14-Debug-Dynamic.lib(presence.obj) : warning LNK4099: PDB 'pjsip_simple.pdb' was not found with 'libpjproject-i386-Win32-vc14-Debug-Dynamic.lib(presence.obj)' or at 'C:\Users\Artur\source\repos\TIP\Debug\pjsip_simple.pdb'; linking object as if no debug info
libpjproject-i386-Win32-vc14-Debug-Dynamic.lib(pidf.obj) : warning LNK4099: PDB 'pjsip_simple.pdb' was not found with 'libpjproject-i386-Win32-vc14-Debug-Dynamic.lib(pidf.obj)' or at 'C:\Users\Artur\source\repos\TIP\Debug\pjsip_simple.pdb'; linking object as if no debug info
libpjproject-i386-Win32-vc14-Debug-Dynamic.lib(mwi.obj) : warning LNK4099: PDB 'pjsip_simple.pdb' was not found with 'libpjproject-i386-Win32-vc14-Debug-Dynamic.lib(mwi.obj)' or at 'C:\Users\Artur\source\repos\TIP\Debug\pjsip_simple.pdb'; linking object as if no debug info
libpjproject-i386-Win32-vc14-Debug-Dynamic.lib(iscomposing.obj) : warning LNK4099: PDB 'pjsip_simple.pdb' was not found with 'libpjproject-i386-Win32-vc14-Debug-Dynamic.lib(iscomposing.obj)' or at 'C:\Users\Artur\source\repos\TIP\Debug\pjsip_simple.pdb'; linking object as if no debug info
libpjproject-i386-Win32-vc14-Debug-Dynamic.lib(evsub_msg.obj) : warning LNK4099: PDB 'pjsip_simple.pdb' was not found with 'libpjproject-i386-Win32-vc14-Debug-Dynamic.lib(evsub_msg.obj)' or at 'C:\Users\Artur\source\repos\TIP\Debug\pjsip_simple.pdb'; linking object as if no debug info
libpjproject-i386-Win32-vc14-Debug-Dynamic.lib(evsub.obj) : warning LNK4099: PDB 'pjsip_simple.pdb' was not found with 'libpjproject-i386-Win32-vc14-Debug-Dynamic.lib(evsub.obj)' or at 'C:\Users\Artur\source\repos\TIP\Debug\pjsip_simple.pdb'; linking object as if no debug info
libpjproject-i386-Win32-vc14-Debug-Dynamic.lib(errno.obj) : warning LNK4099: PDB 'pjsip_simple.pdb' was not found with 'libpjproject-i386-Win32-vc14-Debug-Dynamic.lib(errno.obj)' or at 'C:\Users\Artur\source\repos\TIP\Debug\pjsip_simple.pdb'; linking object as if no debug info
libpjproject-i386-Win32-vc14-Debug-Dynamic.lib(sip_util_statefull.obj) : warning LNK4099: PDB 'pjsip_core.pdb' was not found with 'libpjproject-i386-Win32-vc14-Debug-Dynamic.lib(sip_util_statefull.obj)' or at 'C:\Users\Artur\source\repos\TIP\Debug\pjsip_core.pdb'; linking object as if no debug info
libpjproject-i386-Win32-vc14-Debug-Dynamic.lib(sip_util.obj) : warning LNK4099: PDB 'pjsip_core.pdb' was not found with 'libpjproject-i386-Win32-vc14-Debug-Dynamic.lib(sip_util.obj)' or at 'C:\Users\Artur\source\repos\TIP\Debug\pjsip_core.pdb'; linking object as if no debug info
libpjproject-i386-Win32-vc14-Debug-Dynamic.lib(sip_uri.obj) : warning LNK4099: PDB 'pjsip_core.pdb' was not found with 'libpjproject-i386-Win32-vc14-Debug-Dynamic.lib(sip_uri.obj)' or at 'C:\Users\Artur\source\repos\TIP\Debug\pjsip_core.pdb'; linking object as if no debug info
libpjproject-i386-Win32-vc14-Debug-Dynamic.lib(sip_ua_layer.obj) : warning LNK4099: PDB 'pjsip_core.pdb' was not found with 'libpjproject-i386-Win32-vc14-Debug-Dynamic.lib(sip_ua_layer.obj)' or at 'C:\Users\Artur\source\repos\TIP\Debug\pjsip_core.pdb'; linking object as if no debug info
libpjproject-i386-Win32-vc14-Debug-Dynamic.lib(sip_transport_udp.obj) : warning LNK4099: PDB 'pjsip_core.pdb' was not found with 'libpjproject-i386-Win32-vc14-Debug-Dynamic.lib(sip_transport_udp.obj)' or at 'C:\Users\Artur\source\repos\TIP\Debug\pjsip_core.pdb'; linking object as if no debug info
libpjproject-i386-Win32-vc14-Debug-Dynamic.lib(sip_transport_tcp.obj) : warning LNK4099: PDB 'pjsip_core.pdb' was not found with 'libpjproject-i386-Win32-vc14-Debug-Dynamic.lib(sip_transport_tcp.obj)' or at 'C:\Users\Artur\source\repos\TIP\Debug\pjsip_core.pdb'; linking object as if no debug info
libpjproject-i386-Win32-vc14-Debug-Dynamic.lib(sip_transport.obj) : warning LNK4099: PDB 'pjsip_core.pdb' was not found with 'libpjproject-i386-Win32-vc14-Debug-Dynamic.lib(sip_transport.obj)' or at 'C:\Users\Artur\source\repos\TIP\Debug\pjsip_core.pdb'; linking object as if no debug info
libpjproject-i386-Win32-vc14-Debug-Dynamic.lib(sip_transaction.obj) : warning LNK4099: PDB 'pjsip_core.pdb' was not found with 'libpjproject-i386-Win32-vc14-Debug-Dynamic.lib(sip_transaction.obj)' or at 'C:\Users\Artur\source\repos\TIP\Debug\pjsip_core.pdb'; linking object as if no debug info
libpjproject-i386-Win32-vc14-Debug-Dynamic.lib(sip_tel_uri.obj) : warning LNK4099: PDB 'pjsip_core.pdb' was not found with 'libpjproject-i386-Win32-vc14-Debug-Dynamic.lib(sip_tel_uri.obj)' or at 'C:\Users\Artur\source\repos\TIP\Debug\pjsip_core.pdb'; linking object as if no debug info
libpjproject-i386-Win32-vc14-Debug-Dynamic.lib(sip_resolve.obj) : warning LNK4099: PDB 'pjsip_core.pdb' was not found with 'libpjproject-i386-Win32-vc14-Debug-Dynamic.lib(sip_resolve.obj)' or at 'C:\Users\Artur\source\repos\TIP\Debug\pjsip_core.pdb'; linking object as if no debug info
libpjproject-i386-Win32-vc14-Debug-Dynamic.lib(sip_parser.obj) : warning LNK4099: PDB 'pjsip_core.pdb' was not found with 'libpjproject-i386-Win32-vc14-Debug-Dynamic.lib(sip_parser.obj)' or at 'C:\Users\Artur\source\repos\TIP\Debug\pjsip_core.pdb'; linking object as if no debug info
libpjproject-i386-Win32-vc14-Debug-Dynamic.lib(sip_multipart.obj) : warning LNK4099: PDB 'pjsip_core.pdb' was not found with 'libpjproject-i386-Win32-vc14-Debug-Dynamic.lib(sip_multipart.obj)' or at 'C:\Users\Artur\source\repos\TIP\Debug\pjsip_core.pdb'; linking object as if no debug info
libpjproject-i386-Win32-vc14-Debug-Dynamic.lib(sip_msg.obj) : warning LNK4099: PDB 'pjsip_core.pdb' was not found with 'libpjproject-i386-Win32-vc14-Debug-Dynamic.lib(sip_msg.obj)' or at 'C:\Users\Artur\source\repos\TIP\Debug\pjsip_core.pdb'; linking object as if no debug info
libpjproject-i386-Win32-vc14-Debug-Dynamic.lib(sip_errno.obj) : warning LNK4099: PDB 'pjsip_core.pdb' was not found with 'libpjproject-i386-Win32-vc14-Debug-Dynamic.lib(sip_errno.obj)' or at 'C:\Users\Artur\source\repos\TIP\Debug\pjsip_core.pdb'; linking object as if no debug info
libpjproject-i386-Win32-vc14-Debug-Dynamic.lib(sip_endpoint.obj) : warning LNK4099: PDB 'pjsip_core.pdb' was not found with 'libpjproject-i386-Win32-vc14-Debug-Dynamic.lib(sip_endpoint.obj)' or at 'C:\Users\Artur\source\repos\TIP\Debug\pjsip_core.pdb'; linking object as if no debug info
libpjproject-i386-Win32-vc14-Debug-Dynamic.lib(sip_dialog.obj) : warning LNK4099: PDB 'pjsip_core.pdb' was not found with 'libpjproject-i386-Win32-vc14-Debug-Dynamic.lib(sip_dialog.obj)' or at 'C:\Users\Artur\source\repos\TIP\Debug\pjsip_core.pdb'; linking object as if no debug info
libpjproject-i386-Win32-vc14-Debug-Dynamic.lib(sip_config.obj) : warning LNK4099: PDB 'pjsip_core.pdb' was not found with 'libpjproject-i386-Win32-vc14-Debug-Dynamic.lib(sip_config.obj)' or at 'C:\Users\Artur\source\repos\TIP\Debug\pjsip_core.pdb'; linking object as if no debug info
libpjproject-i386-Win32-vc14-Debug-Dynamic.lib(sip_auth_parser.obj) : warning LNK4099: PDB 'pjsip_core.pdb' was not found with 'libpjproject-i386-Win32-vc14-Debug-Dynamic.lib(sip_auth_parser.obj)' or at 'C:\Users\Artur\source\repos\TIP\Debug\pjsip_core.pdb'; linking object as if no debug info
libpjproject-i386-Win32-vc14-Debug-Dynamic.lib(sip_auth_msg.obj) : warning LNK4099: PDB 'pjsip_core.pdb' was not found with 'libpjproject-i386-Win32-vc14-Debug-Dynamic.lib(sip_auth_msg.obj)' or at 'C:\Users\Artur\source\repos\TIP\Debug\pjsip_core.pdb'; linking object as if no debug info
libpjproject-i386-Win32-vc14-Debug-Dynamic.lib(sip_auth_client.obj) : warning LNK4099: PDB 'pjsip_core.pdb' was not found with 'libpjproject-i386-Win32-vc14-Debug-Dynamic.lib(sip_auth_client.obj)' or at 'C:\Users\Artur\source\repos\TIP\Debug\pjsip_core.pdb'; linking object as if no debug info
libpjproject-i386-Win32-vc14-Debug-Dynamic.lib(turn_sock.obj) : warning LNK4099: PDB 'pjnath.pdb' was not found with 'libpjproject-i386-Win32-vc14-Debug-Dynamic.lib(turn_sock.obj)' or at 'C:\Users\Artur\source\repos\TIP\Debug\pjnath.pdb'; linking object as if no debug info
libpjproject-i386-Win32-vc14-Debug-Dynamic.lib(turn_session.obj) : warning LNK4099: PDB 'pjnath.pdb' was not found with 'libpjproject-i386-Win32-vc14-Debug-Dynamic.lib(turn_session.obj)' or at 'C:\Users\Artur\source\repos\TIP\Debug\pjnath.pdb'; linking object as if no debug info
libpjproject-i386-Win32-vc14-Debug-Dynamic.lib(stun_transaction.obj) : warning LNK4099: PDB 'pjnath.pdb' was not found with 'libpjproject-i386-Win32-vc14-Debug-Dynamic.lib(stun_transaction.obj)' or at 'C:\Users\Artur\source\repos\TIP\Debug\pjnath.pdb'; linking object as if no debug info
libpjproject-i386-Win32-vc14-Debug-Dynamic.lib(stun_sock.obj) : warning LNK4099: PDB 'pjnath.pdb' was not found with 'libpjproject-i386-Win32-vc14-Debug-Dynamic.lib(stun_sock.obj)' or at 'C:\Users\Artur\source\repos\TIP\Debug\pjnath.pdb'; linking object as if no debug info
libpjproject-i386-Win32-vc14-Debug-Dynamic.lib(stun_session.obj) : warning LNK4099: PDB 'pjnath.pdb' was not found with 'libpjproject-i386-Win32-vc14-Debug-Dynamic.lib(stun_session.obj)' or at 'C:\Users\Artur\source\repos\TIP\Debug\pjnath.pdb'; linking object as if no debug info
libpjproject-i386-Win32-vc14-Debug-Dynamic.lib(stun_msg_dump.obj) : warning LNK4099: PDB 'pjnath.pdb' was not found with 'libpjproject-i386-Win32-vc14-Debug-Dynamic.lib(stun_msg_dump.obj)' or at 'C:\Users\Artur\source\repos\TIP\Debug\pjnath.pdb'; linking object as if no debug info
libpjproject-i386-Win32-vc14-Debug-Dynamic.lib(stun_msg.obj) : warning LNK4099: PDB 'pjnath.pdb' was not found with 'libpjproject-i386-Win32-vc14-Debug-Dynamic.lib(stun_msg.obj)' or at 'C:\Users\Artur\source\repos\TIP\Debug\pjnath.pdb'; linking object as if no debug info
libpjproject-i386-Win32-vc14-Debug-Dynamic.lib(stun_auth.obj) : warning LNK4099: PDB 'pjnath.pdb' was not found with 'libpjproject-i386-Win32-vc14-Debug-Dynamic.lib(stun_auth.obj)' or at 'C:\Users\Artur\source\repos\TIP\Debug\pjnath.pdb'; linking object as if no debug info
libpjproject-i386-Win32-vc14-Debug-Dynamic.lib(nat_detect.obj) : warning LNK4099: PDB 'pjnath.pdb' was not found with 'libpjproject-i386-Win32-vc14-Debug-Dynamic.lib(nat_detect.obj)' or at 'C:\Users\Artur\source\repos\TIP\Debug\pjnath.pdb'; linking object as if no debug info
libpjproject-i386-Win32-vc14-Debug-Dynamic.lib(ice_strans.obj) : warning LNK4099: PDB 'pjnath.pdb' was not found with 'libpjproject-i386-Win32-vc14-Debug-Dynamic.lib(ice_strans.obj)' or at 'C:\Users\Artur\source\repos\TIP\Debug\pjnath.pdb'; linking object as if no debug info
libpjproject-i386-Win32-vc14-Debug-Dynamic.lib(ice_session.obj) : warning LNK4099: PDB 'pjnath.pdb' was not found with 'libpjproject-i386-Win32-vc14-Debug-Dynamic.lib(ice_session.obj)' or at 'C:\Users\Artur\source\repos\TIP\Debug\pjnath.pdb'; linking object as if no debug info
libpjproject-i386-Win32-vc14-Debug-Dynamic.lib(errno.obj) : warning LNK4099: PDB 'pjnath.pdb' was not found with 'libpjproject-i386-Win32-vc14-Debug-Dynamic.lib(errno.obj)' or at 'C:\Users\Artur\source\repos\TIP\Debug\pjnath.pdb'; linking object as if no debug info
libpjproject-i386-Win32-vc14-Debug-Dynamic.lib(speex_codec.obj) : warning LNK4099: PDB 'pjmedia_codec.pdb' was not found with 'libpjproject-i386-Win32-vc14-Debug-Dynamic.lib(speex_codec.obj)' or at 'C:\Users\Artur\source\repos\TIP\Debug\pjmedia_codec.pdb'; linking object as if no debug info
libpjproject-i386-Win32-vc14-Debug-Dynamic.lib(l16.obj) : warning LNK4099: PDB 'pjmedia_codec.pdb' was not found with 'libpjproject-i386-Win32-vc14-Debug-Dynamic.lib(l16.obj)' or at 'C:\Users\Artur\source\repos\TIP\Debug\pjmedia_codec.pdb'; linking object as if no debug info
libpjproject-i386-Win32-vc14-Debug-Dynamic.lib(ilbc.obj) : warning LNK4099: PDB 'pjmedia_codec.pdb' was not found with 'libpjproject-i386-Win32-vc14-Debug-Dynamic.lib(ilbc.obj)' or at 'C:\Users\Artur\source\repos\TIP\Debug\pjmedia_codec.pdb'; linking object as if no debug info
libpjproject-i386-Win32-vc14-Debug-Dynamic.lib(gsm.obj) : warning LNK4099: PDB 'pjmedia_codec.pdb' was not found with 'libpjproject-i386-Win32-vc14-Debug-Dynamic.lib(gsm.obj)' or at 'C:\Users\Artur\source\repos\TIP\Debug\pjmedia_codec.pdb'; linking object as if no debug info
libpjproject-i386-Win32-vc14-Debug-Dynamic.lib(g722_enc.obj) : warning LNK4099: PDB 'pjmedia_codec.pdb' was not found with 'libpjproject-i386-Win32-vc14-Debug-Dynamic.lib(g722_enc.obj)' or at 'C:\Users\Artur\source\repos\TIP\Debug\pjmedia_codec.pdb'; linking object as if no debug info
libpjproject-i386-Win32-vc14-Debug-Dynamic.lib(g722_dec.obj) : warning LNK4099: PDB 'pjmedia_codec.pdb' was not found with 'libpjproject-i386-Win32-vc14-Debug-Dynamic.lib(g722_dec.obj)' or at 'C:\Users\Artur\source\repos\TIP\Debug\pjmedia_codec.pdb'; linking object as if no debug info
libpjproject-i386-Win32-vc14-Debug-Dynamic.lib(g722.obj) : warning LNK4099: PDB 'pjmedia_codec.pdb' was not found with 'libpjproject-i386-Win32-vc14-Debug-Dynamic.lib(g722.obj)' or at 'C:\Users\Artur\source\repos\TIP\Debug\pjmedia_codec.pdb'; linking object as if no debug info
libpjproject-i386-Win32-vc14-Debug-Dynamic.lib(audio_codecs.obj) : warning LNK4099: PDB 'pjmedia_codec.pdb' was not found with 'libpjproject-i386-Win32-vc14-Debug-Dynamic.lib(audio_codecs.obj)' or at 'C:\Users\Artur\source\repos\TIP\Debug\pjmedia_codec.pdb'; linking object as if no debug info
libpjproject-i386-Win32-vc14-Debug-Dynamic.lib(wmme_dev.obj) : warning LNK4099: PDB 'pjmedia_audiodev.pdb' was not found with 'libpjproject-i386-Win32-vc14-Debug-Dynamic.lib(wmme_dev.obj)' or at 'C:\Users\Artur\source\repos\TIP\Debug\pjmedia_audiodev.pdb'; linking object as if no debug info
libpjproject-i386-Win32-vc14-Debug-Dynamic.lib(errno.obj) : warning LNK4099: PDB 'pjmedia_audiodev.pdb' was not found with 'libpjproject-i386-Win32-vc14-Debug-Dynamic.lib(errno.obj)' or at 'C:\Users\Artur\source\repos\TIP\Debug\pjmedia_audiodev.pdb'; linking object as if no debug info
libpjproject-i386-Win32-vc14-Debug-Dynamic.lib(audiodev.obj) : warning LNK4099: PDB 'pjmedia_audiodev.pdb' was not found with 'libpjproject-i386-Win32-vc14-Debug-Dynamic.lib(audiodev.obj)' or at 'C:\Users\Artur\source\repos\TIP\Debug\pjmedia_audiodev.pdb'; linking object as if no debug info
libpjproject-i386-Win32-vc14-Debug-Dynamic.lib(wsola.obj) : warning LNK4099: PDB 'pjmedia.pdb' was not found with 'libpjproject-i386-Win32-vc14-Debug-Dynamic.lib(wsola.obj)' or at 'C:\Users\Artur\source\repos\TIP\Debug\pjmedia.pdb'; linking object as if no debug info
libpjproject-i386-Win32-vc14-Debug-Dynamic.lib(wav_writer.obj) : warning LNK4099: PDB 'pjmedia.pdb' was not found with 'libpjproject-i386-Win32-vc14-Debug-Dynamic.lib(wav_writer.obj)' or at 'C:\Users\Artur\source\repos\TIP\Debug\pjmedia.pdb'; linking object as if no debug info
libpjproject-i386-Win32-vc14-Debug-Dynamic.lib(wav_playlist.obj) : warning LNK4099: PDB 'pjmedia.pdb' was not found with 'libpjproject-i386-Win32-vc14-Debug-Dynamic.lib(wav_playlist.obj)' or at 'C:\Users\Artur\source\repos\TIP\Debug\pjmedia.pdb'; linking object as if no debug info
libpjproject-i386-Win32-vc14-Debug-Dynamic.lib(wav_player.obj) : warning LNK4099: PDB 'pjmedia.pdb' was not found with 'libpjproject-i386-Win32-vc14-Debug-Dynamic.lib(wav_player.obj)' or at 'C:\Users\Artur\source\repos\TIP\Debug\pjmedia.pdb'; linking object as if no debug info
libpjproject-i386-Win32-vc14-Debug-Dynamic.lib(wave.obj) : warning LNK4099: PDB 'pjmedia.pdb' was not found with 'libpjproject-i386-Win32-vc14-Debug-Dynamic.lib(wave.obj)' or at 'C:\Users\Artur\source\repos\TIP\Debug\pjmedia.pdb'; linking object as if no debug info
libpjproject-i386-Win32-vc14-Debug-Dynamic.lib(types.obj) : warning LNK4099: PDB 'pjmedia.pdb' was not found with 'libpjproject-i386-Win32-vc14-Debug-Dynamic.lib(types.obj)' or at 'C:\Users\Artur\source\repos\TIP\Debug\pjmedia.pdb'; linking object as if no debug info
libpjproject-i386-Win32-vc14-Debug-Dynamic.lib(transport_udp.obj) : warning LNK4099: PDB 'pjmedia.pdb' was not found with 'libpjproject-i386-Win32-vc14-Debug-Dynamic.lib(transport_udp.obj)' or at 'C:\Users\Artur\source\repos\TIP\Debug\pjmedia.pdb'; linking object as if no debug info
libpjproject-i386-Win32-vc14-Debug-Dynamic.lib(transport_srtp.obj) : warning LNK4099: PDB 'pjmedia.pdb' was not found with 'libpjproject-i386-Win32-vc14-Debug-Dynamic.lib(transport_srtp.obj)' or at 'C:\Users\Artur\source\repos\TIP\Debug\pjmedia.pdb'; linking object as if no debug info
libpjproject-i386-Win32-vc14-Debug-Dynamic.lib(transport_loop.obj) : warning LNK4099: PDB 'pjmedia.pdb' was not found with 'libpjproject-i386-Win32-vc14-Debug-Dynamic.lib(transport_loop.obj)' or at 'C:\Users\Artur\source\repos\TIP\Debug\pjmedia.pdb'; linking object as if no debug info
libpjproject-i386-Win32-vc14-Debug-Dynamic.lib(transport_ice.obj) : warning LNK4099: PDB 'pjmedia.pdb' was not found with 'libpjproject-i386-Win32-vc14-Debug-Dynamic.lib(transport_ice.obj)' or at 'C:\Users\Artur\source\repos\TIP\Debug\pjmedia.pdb'; linking object as if no debug info
libpjproject-i386-Win32-vc14-Debug-Dynamic.lib(tonegen.obj) : warning LNK4099: PDB 'pjmedia.pdb' was not found with 'libpjproject-i386-Win32-vc14-Debug-Dynamic.lib(tonegen.obj)' or at 'C:\Users\Artur\source\repos\TIP\Debug\pjmedia.pdb'; linking object as if no debug info
libpjproject-i386-Win32-vc14-Debug-Dynamic.lib(stream_info.obj) : warning LNK4099: PDB 'pjmedia.pdb' was not found with 'libpjproject-i386-Win32-vc14-Debug-Dynamic.lib(stream_info.obj)' or at 'C:\Users\Artur\source\repos\TIP\Debug\pjmedia.pdb'; linking object as if no debug info
libpjproject-i386-Win32-vc14-Debug-Dynamic.lib(stream_common.obj) : warning LNK4099: PDB 'pjmedia.pdb' was not found with 'libpjproject-i386-Win32-vc14-Debug-Dynamic.lib(stream_common.obj)' or at 'C:\Users\Artur\source\repos\TIP\Debug\pjmedia.pdb'; linking object as if no debug info
libpjproject-i386-Win32-vc14-Debug-Dynamic.lib(stream.obj) : warning LNK4099: PDB 'pjmedia.pdb' was not found with 'libpjproject-i386-Win32-vc14-Debug-Dynamic.lib(stream.obj)' or at 'C:\Users\Artur\source\repos\TIP\Debug\pjmedia.pdb'; linking object as if no debug info
libpjproject-i386-Win32-vc14-Debug-Dynamic.lib(splitcomb.obj) : warning LNK4099: PDB 'pjmedia.pdb' was not found with 'libpjproject-i386-Win32-vc14-Debug-Dynamic.lib(splitcomb.obj)' or at 'C:\Users\Artur\source\repos\TIP\Debug\pjmedia.pdb'; linking object as if no debug info
libpjproject-i386-Win32-vc14-Debug-Dynamic.lib(sound_port.obj) : warning LNK4099: PDB 'pjmedia.pdb' was not found with 'libpjproject-i386-Win32-vc14-Debug-Dynamic.lib(sound_port.obj)' or at 'C:\Users\Artur\source\repos\TIP\Debug\pjmedia.pdb'; linking object as if no debug info
libpjproject-i386-Win32-vc14-Debug-Dynamic.lib(silencedet.obj) : warning LNK4099: PDB 'pjmedia.pdb' was not found with 'libpjproject-i386-Win32-vc14-Debug-Dynamic.lib(silencedet.obj)' or at 'C:\Users\Artur\source\repos\TIP\Debug\pjmedia.pdb'; linking object as if no debug info
libpjproject-i386-Win32-vc14-Debug-Dynamic.lib(sdp_neg.obj) : warning LNK4099: PDB 'pjmedia.pdb' was not found with 'libpjproject-i386-Win32-vc14-Debug-Dynamic.lib(sdp_neg.obj)' or at 'C:\Users\Artur\source\repos\TIP\Debug\pjmedia.pdb'; linking object as if no debug info
libpjproject-i386-Win32-vc14-Debug-Dynamic.lib(sdp.obj) : warning LNK4099: PDB 'pjmedia.pdb' was not found with 'libpjproject-i386-Win32-vc14-Debug-Dynamic.lib(sdp.obj)' or at 'C:\Users\Artur\source\repos\TIP\Debug\pjmedia.pdb'; linking object as if no debug info
libpjproject-i386-Win32-vc14-Debug-Dynamic.lib(rtp.obj) : warning LNK4099: PDB 'pjmedia.pdb' was not found with 'libpjproject-i386-Win32-vc14-Debug-Dynamic.lib(rtp.obj)' or at 'C:\Users\Artur\source\repos\TIP\Debug\pjmedia.pdb'; linking object as if no debug info
libpjproject-i386-Win32-vc14-Debug-Dynamic.lib(rtcp_fb.obj) : warning LNK4099: PDB 'pjmedia.pdb' was not found with 'libpjproject-i386-Win32-vc14-Debug-Dynamic.lib(rtcp_fb.obj)' or at 'C:\Users\Artur\source\repos\TIP\Debug\pjmedia.pdb'; linking object as if no debug info
libpjproject-i386-Win32-vc14-Debug-Dynamic.lib(rtcp.obj) : warning LNK4099: PDB 'pjmedia.pdb' was not found with 'libpjproject-i386-Win32-vc14-Debug-Dynamic.lib(rtcp.obj)' or at 'C:\Users\Artur\source\repos\TIP\Debug\pjmedia.pdb'; linking object as if no debug info
libpjproject-i386-Win32-vc14-Debug-Dynamic.lib(resample_resample.obj) : warning LNK4099: PDB 'pjmedia.pdb' was not found with 'libpjproject-i386-Win32-vc14-Debug-Dynamic.lib(resample_resample.obj)' or at 'C:\Users\Artur\source\repos\TIP\Debug\pjmedia.pdb'; linking object as if no debug info
libpjproject-i386-Win32-vc14-Debug-Dynamic.lib(resample_port.obj) : warning LNK4099: PDB 'pjmedia.pdb' was not found with 'libpjproject-i386-Win32-vc14-Debug-Dynamic.lib(resample_port.obj)' or at 'C:\Users\Artur\source\repos\TIP\Debug\pjmedia.pdb'; linking object as if no debug info
libpjproject-i386-Win32-vc14-Debug-Dynamic.lib(port.obj) : warning LNK4099: PDB 'pjmedia.pdb' was not found with 'libpjproject-i386-Win32-vc14-Debug-Dynamic.lib(port.obj)' or at 'C:\Users\Artur\source\repos\TIP\Debug\pjmedia.pdb'; linking object as if no debug info
libpjproject-i386-Win32-vc14-Debug-Dynamic.lib(plc_common.obj) : warning LNK4099: PDB 'pjmedia.pdb' was not found with 'libpjproject-i386-Win32-vc14-Debug-Dynamic.lib(plc_common.obj)' or at 'C:\Users\Artur\source\repos\TIP\Debug\pjmedia.pdb'; linking object as if no debug info
libpjproject-i386-Win32-vc14-Debug-Dynamic.lib(null_port.obj) : warning LNK4099: PDB 'pjmedia.pdb' was not found with 'libpjproject-i386-Win32-vc14-Debug-Dynamic.lib(null_port.obj)' or at 'C:\Users\Artur\source\repos\TIP\Debug\pjmedia.pdb'; linking object as if no debug info
libpjproject-i386-Win32-vc14-Debug-Dynamic.lib(master_port.obj) : warning LNK4099: PDB 'pjmedia.pdb' was not found with 'libpjproject-i386-Win32-vc14-Debug-Dynamic.lib(master_port.obj)' or at 'C:\Users\Artur\source\repos\TIP\Debug\pjmedia.pdb'; linking object as if no debug info
libpjproject-i386-Win32-vc14-Debug-Dynamic.lib(jbuf.obj) : warning LNK4099: PDB 'pjmedia.pdb' was not found with 'libpjproject-i386-Win32-vc14-Debug-Dynamic.lib(jbuf.obj)' or at 'C:\Users\Artur\source\repos\TIP\Debug\pjmedia.pdb'; linking object as if no debug info
libpjproject-i386-Win32-vc14-Debug-Dynamic.lib(g711.obj) : warning LNK4099: PDB 'pjmedia.pdb' was not found with 'libpjproject-i386-Win32-vc14-Debug-Dynamic.lib(g711.obj)' or at 'C:\Users\Artur\source\repos\TIP\Debug\pjmedia.pdb'; linking object as if no debug info
libpjproject-i386-Win32-vc14-Debug-Dynamic.lib(format.obj) : warning LNK4099: PDB 'pjmedia.pdb' was not found with 'libpjproject-i386-Win32-vc14-Debug-Dynamic.lib(format.obj)' or at 'C:\Users\Artur\source\repos\TIP\Debug\pjmedia.pdb'; linking object as if no debug info
libpjproject-i386-Win32-vc14-Debug-Dynamic.lib(event.obj) : warning LNK4099: PDB 'pjmedia.pdb' was not found with 'libpjproject-i386-Win32-vc14-Debug-Dynamic.lib(event.obj)' or at 'C:\Users\Artur\source\repos\TIP\Debug\pjmedia.pdb'; linking object as if no debug info
libpjproject-i386-Win32-vc14-Debug-Dynamic.lib(errno.obj) : warning LNK4099: PDB 'pjmedia.pdb' was not found with 'libpjproject-i386-Win32-vc14-Debug-Dynamic.lib(errno.obj)' or at 'C:\Users\Artur\source\repos\TIP\Debug\pjmedia.pdb'; linking object as if no debug info
libpjproject-i386-Win32-vc14-Debug-Dynamic.lib(endpoint.obj) : warning LNK4099: PDB 'pjmedia.pdb' was not found with 'libpjproject-i386-Win32-vc14-Debug-Dynamic.lib(endpoint.obj)' or at 'C:\Users\Artur\source\repos\TIP\Debug\pjmedia.pdb'; linking object as if no debug info
libpjproject-i386-Win32-vc14-Debug-Dynamic.lib(echo_suppress.obj) : warning LNK4099: PDB 'pjmedia.pdb' was not found with 'libpjproject-i386-Win32-vc14-Debug-Dynamic.lib(echo_suppress.obj)' or at 'C:\Users\Artur\source\repos\TIP\Debug\pjmedia.pdb'; linking object as if no debug info
libpjproject-i386-Win32-vc14-Debug-Dynamic.lib(echo_speex.obj) : warning LNK4099: PDB 'pjmedia.pdb' was not found with 'libpjproject-i386-Win32-vc14-Debug-Dynamic.lib(echo_speex.obj)' or at 'C:\Users\Artur\source\repos\TIP\Debug\pjmedia.pdb'; linking object as if no debug info
libpjproject-i386-Win32-vc14-Debug-Dynamic.lib(echo_common.obj) : warning LNK4099: PDB 'pjmedia.pdb' was not found with 'libpjproject-i386-Win32-vc14-Debug-Dynamic.lib(echo_common.obj)' or at 'C:\Users\Artur\source\repos\TIP\Debug\pjmedia.pdb'; linking object as if no debug info
libpjproject-i386-Win32-vc14-Debug-Dynamic.lib(delaybuf.obj) : warning LNK4099: PDB 'pjmedia.pdb' was not found with 'libpjproject-i386-Win32-vc14-Debug-Dynamic.lib(delaybuf.obj)' or at 'C:\Users\Artur\source\repos\TIP\Debug\pjmedia.pdb'; linking object as if no debug info
libpjproject-i386-Win32-vc14-Debug-Dynamic.lib(conference.obj) : warning LNK4099: PDB 'pjmedia.pdb' was not found with 'libpjproject-i386-Win32-vc14-Debug-Dynamic.lib(conference.obj)' or at 'C:\Users\Artur\source\repos\TIP\Debug\pjmedia.pdb'; linking object as if no debug info
libpjproject-i386-Win32-vc14-Debug-Dynamic.lib(codec.obj) : warning LNK4099: PDB 'pjmedia.pdb' was not found with 'libpjproject-i386-Win32-vc14-Debug-Dynamic.lib(codec.obj)' or at 'C:\Users\Artur\source\repos\TIP\Debug\pjmedia.pdb'; linking object as if no debug info
libpjproject-i386-Win32-vc14-Debug-Dynamic.lib(clock_thread.obj) : warning LNK4099: PDB 'pjmedia.pdb' was not found with 'libpjproject-i386-Win32-vc14-Debug-Dynamic.lib(clock_thread.obj)' or at 'C:\Users\Artur\source\repos\TIP\Debug\pjmedia.pdb'; linking object as if no debug info
libpjproject-i386-Win32-vc14-Debug-Dynamic.lib(audiodev.obj) : warning LNK4099: PDB 'pjmedia.pdb' was not found with 'libpjproject-i386-Win32-vc14-Debug-Dynamic.lib(audiodev.obj)' or at 'C:\Users\Artur\source\repos\TIP\Debug\pjmedia.pdb'; linking object as if no debug info
libpjproject-i386-Win32-vc14-Debug-Dynamic.lib(alaw_ulaw_table.obj) : warning LNK4099: PDB 'pjmedia.pdb' was not found with 'libpjproject-i386-Win32-vc14-Debug-Dynamic.lib(alaw_ulaw_table.obj)' or at 'C:\Users\Artur\source\repos\TIP\Debug\pjmedia.pdb'; linking object as if no debug info
libpjproject-i386-Win32-vc14-Debug-Dynamic.lib(types.obj) : warning LNK4099: PDB 'pjlib.pdb' was not found with 'libpjproject-i386-Win32-vc14-Debug-Dynamic.lib(types.obj)' or at 'C:\Users\Artur\source\repos\TIP\Debug\pjlib.pdb'; linking object as if no debug info
libpjproject-i386-Win32-vc14-Debug-Dynamic.lib(timer.obj) : warning LNK4099: PDB 'pjlib.pdb' was not found with 'libpjproject-i386-Win32-vc14-Debug-Dynamic.lib(timer.obj)' or at 'C:\Users\Artur\source\repos\TIP\Debug\pjlib.pdb'; linking object as if no debug info
libpjproject-i386-Win32-vc14-Debug-Dynamic.lib(string.obj) : warning LNK4099: PDB 'pjlib.pdb' was not found with 'libpjproject-i386-Win32-vc14-Debug-Dynamic.lib(string.obj)' or at 'C:\Users\Artur\source\repos\TIP\Debug\pjlib.pdb'; linking object as if no debug info
libpjproject-i386-Win32-vc14-Debug-Dynamic.lib(sock_select.obj) : warning LNK4099: PDB 'pjlib.pdb' was not found with 'libpjproject-i386-Win32-vc14-Debug-Dynamic.lib(sock_select.obj)' or at 'C:\Users\Artur\source\repos\TIP\Debug\pjlib.pdb'; linking object as if no debug info
libpjproject-i386-Win32-vc14-Debug-Dynamic.lib(sock_qos_common.obj) : warning LNK4099: PDB 'pjlib.pdb' was not found with 'libpjproject-i386-Win32-vc14-Debug-Dynamic.lib(sock_qos_common.obj)' or at 'C:\Users\Artur\source\repos\TIP\Debug\pjlib.pdb'; linking object as if no debug info
libpjproject-i386-Win32-vc14-Debug-Dynamic.lib(sock_qos_bsd.obj) : warning LNK4099: PDB 'pjlib.pdb' was not found with 'libpjproject-i386-Win32-vc14-Debug-Dynamic.lib(sock_qos_bsd.obj)' or at 'C:\Users\Artur\source\repos\TIP\Debug\pjlib.pdb'; linking object as if no debug info
libpjproject-i386-Win32-vc14-Debug-Dynamic.lib(sock_common.obj) : warning LNK4099: PDB 'pjlib.pdb' was not found with 'libpjproject-i386-Win32-vc14-Debug-Dynamic.lib(sock_common.obj)' or at 'C:\Users\Artur\source\repos\TIP\Debug\pjlib.pdb'; linking object as if no debug info
libpjproject-i386-Win32-vc14-Debug-Dynamic.lib(sock_bsd.obj) : warning LNK4099: PDB 'pjlib.pdb' was not found with 'libpjproject-i386-Win32-vc14-Debug-Dynamic.lib(sock_bsd.obj)' or at 'C:\Users\Artur\source\repos\TIP\Debug\pjlib.pdb'; linking object as if no debug info
libpjproject-i386-Win32-vc14-Debug-Dynamic.lib(rand.obj) : warning LNK4099: PDB 'pjlib.pdb' was not found with 'libpjproject-i386-Win32-vc14-Debug-Dynamic.lib(rand.obj)' or at 'C:\Users\Artur\source\repos\TIP\Debug\pjlib.pdb'; linking object as if no debug info
libpjproject-i386-Win32-vc14-Debug-Dynamic.lib(pool_policy_malloc.obj) : warning LNK4099: PDB 'pjlib.pdb' was not found with 'libpjproject-i386-Win32-vc14-Debug-Dynamic.lib(pool_policy_malloc.obj)' or at 'C:\Users\Artur\source\repos\TIP\Debug\pjlib.pdb'; linking object as if no debug info
libpjproject-i386-Win32-vc14-Debug-Dynamic.lib(pool_caching.obj) : warning LNK4099: PDB 'pjlib.pdb' was not found with 'libpjproject-i386-Win32-vc14-Debug-Dynamic.lib(pool_caching.obj)' or at 'C:\Users\Artur\source\repos\TIP\Debug\pjlib.pdb'; linking object as if no debug info
libpjproject-i386-Win32-vc14-Debug-Dynamic.lib(pool_buf.obj) : warning LNK4099: PDB 'pjlib.pdb' was not found with 'libpjproject-i386-Win32-vc14-Debug-Dynamic.lib(pool_buf.obj)' or at 'C:\Users\Artur\source\repos\TIP\Debug\pjlib.pdb'; linking object as if no debug info
libpjproject-i386-Win32-vc14-Debug-Dynamic.lib(pool.obj) : warning LNK4099: PDB 'pjlib.pdb' was not found with 'libpjproject-i386-Win32-vc14-Debug-Dynamic.lib(pool.obj)' or at 'C:\Users\Artur\source\repos\TIP\Debug\pjlib.pdb'; linking object as if no debug info
libpjproject-i386-Win32-vc14-Debug-Dynamic.lib(os_time_win32.obj) : warning LNK4099: PDB 'pjlib.pdb' was not found with 'libpjproject-i386-Win32-vc14-Debug-Dynamic.lib(os_time_win32.obj)' or at 'C:\Users\Artur\source\repos\TIP\Debug\pjlib.pdb'; linking object as if no debug info
libpjproject-i386-Win32-vc14-Debug-Dynamic.lib(os_timestamp_win32.obj) : warning LNK4099: PDB 'pjlib.pdb' was not found with 'libpjproject-i386-Win32-vc14-Debug-Dynamic.lib(os_timestamp_win32.obj)' or at 'C:\Users\Artur\source\repos\TIP\Debug\pjlib.pdb'; linking object as if no debug info
libpjproject-i386-Win32-vc14-Debug-Dynamic.lib(os_timestamp_common.obj) : warning LNK4099: PDB 'pjlib.pdb' was not found with 'libpjproject-i386-Win32-vc14-Debug-Dynamic.lib(os_timestamp_common.obj)' or at 'C:\Users\Artur\source\repos\TIP\Debug\pjlib.pdb'; linking object as if no debug info
libpjproject-i386-Win32-vc14-Debug-Dynamic.lib(os_info.obj) : warning LNK4099: PDB 'pjlib.pdb' was not found with 'libpjproject-i386-Win32-vc14-Debug-Dynamic.lib(os_info.obj)' or at 'C:\Users\Artur\source\repos\TIP\Debug\pjlib.pdb'; linking object as if no debug info
libpjproject-i386-Win32-vc14-Debug-Dynamic.lib(os_error_win32.obj) : warning LNK4099: PDB 'pjlib.pdb' was not found with 'libpjproject-i386-Win32-vc14-Debug-Dynamic.lib(os_error_win32.obj)' or at 'C:\Users\Artur\source\repos\TIP\Debug\pjlib.pdb'; linking object as if no debug info
libpjproject-i386-Win32-vc14-Debug-Dynamic.lib(os_core_win32.obj) : warning LNK4099: PDB 'pjlib.pdb' was not found with 'libpjproject-i386-Win32-vc14-Debug-Dynamic.lib(os_core_win32.obj)' or at 'C:\Users\Artur\source\repos\TIP\Debug\pjlib.pdb'; linking object as if no debug info
libpjproject-i386-Win32-vc14-Debug-Dynamic.lib(log_writer_stdout.obj) : warning LNK4099: PDB 'pjlib.pdb' was not found with 'libpjproject-i386-Win32-vc14-Debug-Dynamic.lib(log_writer_stdout.obj)' or at 'C:\Users\Artur\source\repos\TIP\Debug\pjlib.pdb'; linking object as if no debug info
libpjproject-i386-Win32-vc14-Debug-Dynamic.lib(log.obj) : warning LNK4099: PDB 'pjlib.pdb' was not found with 'libpjproject-i386-Win32-vc14-Debug-Dynamic.lib(log.obj)' or at 'C:\Users\Artur\source\repos\TIP\Debug\pjlib.pdb'; linking object as if no debug info
libpjproject-i386-Win32-vc14-Debug-Dynamic.lib(lock.obj) : warning LNK4099: PDB 'pjlib.pdb' was not found with 'libpjproject-i386-Win32-vc14-Debug-Dynamic.lib(lock.obj)' or at 'C:\Users\Artur\source\repos\TIP\Debug\pjlib.pdb'; linking object as if no debug info
libpjproject-i386-Win32-vc14-Debug-Dynamic.lib(list.obj) : warning LNK4099: PDB 'pjlib.pdb' was not found with 'libpjproject-i386-Win32-vc14-Debug-Dynamic.lib(list.obj)' or at 'C:\Users\Artur\source\repos\TIP\Debug\pjlib.pdb'; linking object as if no debug info
libpjproject-i386-Win32-vc14-Debug-Dynamic.lib(ip_helper_win32.obj) : warning LNK4099: PDB 'pjlib.pdb' was not found with 'libpjproject-i386-Win32-vc14-Debug-Dynamic.lib(ip_helper_win32.obj)' or at 'C:\Users\Artur\source\repos\TIP\Debug\pjlib.pdb'; linking object as if no debug info
libpjproject-i386-Win32-vc14-Debug-Dynamic.lib(ioqueue_select.obj) : warning LNK4099: PDB 'pjlib.pdb' was not found with 'libpjproject-i386-Win32-vc14-Debug-Dynamic.lib(ioqueue_select.obj)' or at 'C:\Users\Artur\source\repos\TIP\Debug\pjlib.pdb'; linking object as if no debug info
libpjproject-i386-Win32-vc14-Debug-Dynamic.lib(hash.obj) : warning LNK4099: PDB 'pjlib.pdb' was not found with 'libpjproject-i386-Win32-vc14-Debug-Dynamic.lib(hash.obj)' or at 'C:\Users\Artur\source\repos\TIP\Debug\pjlib.pdb'; linking object as if no debug info
libpjproject-i386-Win32-vc14-Debug-Dynamic.lib(guid_win32.obj) : warning LNK4099: PDB 'pjlib.pdb' was not found with 'libpjproject-i386-Win32-vc14-Debug-Dynamic.lib(guid_win32.obj)' or at 'C:\Users\Artur\source\repos\TIP\Debug\pjlib.pdb'; linking object as if no debug info
libpjproject-i386-Win32-vc14-Debug-Dynamic.lib(guid.obj) : warning LNK4099: PDB 'pjlib.pdb' was not found with 'libpjproject-i386-Win32-vc14-Debug-Dynamic.lib(guid.obj)' or at 'C:\Users\Artur\source\repos\TIP\Debug\pjlib.pdb'; linking object as if no debug info
libpjproject-i386-Win32-vc14-Debug-Dynamic.lib(file_io_win32.obj) : warning LNK4099: PDB 'pjlib.pdb' was not found with 'libpjproject-i386-Win32-vc14-Debug-Dynamic.lib(file_io_win32.obj)' or at 'C:\Users\Artur\source\repos\TIP\Debug\pjlib.pdb'; linking object as if no debug info
libpjproject-i386-Win32-vc14-Debug-Dynamic.lib(file_access_win32.obj) : warning LNK4099: PDB 'pjlib.pdb' was not found with 'libpjproject-i386-Win32-vc14-Debug-Dynamic.lib(file_access_win32.obj)' or at 'C:\Users\Artur\source\repos\TIP\Debug\pjlib.pdb'; linking object as if no debug info
libpjproject-i386-Win32-vc14-Debug-Dynamic.lib(except.obj) : warning LNK4099: PDB 'pjlib.pdb' was not found with 'libpjproject-i386-Win32-vc14-Debug-Dynamic.lib(except.obj)' or at 'C:\Users\Artur\source\repos\TIP\Debug\pjlib.pdb'; linking object as if no debug info
libpjproject-i386-Win32-vc14-Debug-Dynamic.lib(errno.obj) : warning LNK4099: PDB 'pjlib.pdb' was not found with 'libpjproject-i386-Win32-vc14-Debug-Dynamic.lib(errno.obj)' or at 'C:\Users\Artur\source\repos\TIP\Debug\pjlib.pdb'; linking object as if no debug info
libpjproject-i386-Win32-vc14-Debug-Dynamic.lib(config.obj) : warning LNK4099: PDB 'pjlib.pdb' was not found with 'libpjproject-i386-Win32-vc14-Debug-Dynamic.lib(config.obj)' or at 'C:\Users\Artur\source\repos\TIP\Debug\pjlib.pdb'; linking object as if no debug info
libpjproject-i386-Win32-vc14-Debug-Dynamic.lib(array.obj) : warning LNK4099: PDB 'pjlib.pdb' was not found with 'libpjproject-i386-Win32-vc14-Debug-Dynamic.lib(array.obj)' or at 'C:\Users\Artur\source\repos\TIP\Debug\pjlib.pdb'; linking object as if no debug info
libpjproject-i386-Win32-vc14-Debug-Dynamic.lib(addr_resolv_sock.obj) : warning LNK4099: PDB 'pjlib.pdb' was not found with 'libpjproject-i386-Win32-vc14-Debug-Dynamic.lib(addr_resolv_sock.obj)' or at 'C:\Users\Artur\source\repos\TIP\Debug\pjlib.pdb'; linking object as if no debug info
libpjproject-i386-Win32-vc14-Debug-Dynamic.lib(activesock.obj) : warning LNK4099: PDB 'pjlib.pdb' was not found with 'libpjproject-i386-Win32-vc14-Debug-Dynamic.lib(activesock.obj)' or at 'C:\Users\Artur\source\repos\TIP\Debug\pjlib.pdb'; linking object as if no debug info
libpjproject-i386-Win32-vc14-Debug-Dynamic.lib(xml.obj) : warning LNK4099: PDB 'pjlib_util.pdb' was not found with 'libpjproject-i386-Win32-vc14-Debug-Dynamic.lib(xml.obj)' or at 'C:\Users\Artur\source\repos\TIP\Debug\pjlib_util.pdb'; linking object as if no debug info
libpjproject-i386-Win32-vc14-Debug-Dynamic.lib(stun_simple_client.obj) : warning LNK4099: PDB 'pjlib_util.pdb' was not found with 'libpjproject-i386-Win32-vc14-Debug-Dynamic.lib(stun_simple_client.obj)' or at 'C:\Users\Artur\source\repos\TIP\Debug\pjlib_util.pdb'; linking object as if no debug info
libpjproject-i386-Win32-vc14-Debug-Dynamic.lib(stun_simple.obj) : warning LNK4099: PDB 'pjlib_util.pdb' was not found with 'libpjproject-i386-Win32-vc14-Debug-Dynamic.lib(stun_simple.obj)' or at 'C:\Users\Artur\source\repos\TIP\Debug\pjlib_util.pdb'; linking object as if no debug info
libpjproject-i386-Win32-vc14-Debug-Dynamic.lib(string.obj) : warning LNK4099: PDB 'pjlib_util.pdb' was not found with 'libpjproject-i386-Win32-vc14-Debug-Dynamic.lib(string.obj)' or at 'C:\Users\Artur\source\repos\TIP\Debug\pjlib_util.pdb'; linking object as if no debug info
libpjproject-i386-Win32-vc14-Debug-Dynamic.lib(srv_resolver.obj) : warning LNK4099: PDB 'pjlib_util.pdb' was not found with 'libpjproject-i386-Win32-vc14-Debug-Dynamic.lib(srv_resolver.obj)' or at 'C:\Users\Artur\source\repos\TIP\Debug\pjlib_util.pdb'; linking object as if no debug info
libpjproject-i386-Win32-vc14-Debug-Dynamic.lib(sha1.obj) : warning LNK4099: PDB 'pjlib_util.pdb' was not found with 'libpjproject-i386-Win32-vc14-Debug-Dynamic.lib(sha1.obj)' or at 'C:\Users\Artur\source\repos\TIP\Debug\pjlib_util.pdb'; linking object as if no debug info
libpjproject-i386-Win32-vc14-Debug-Dynamic.lib(scanner.obj) : warning LNK4099: PDB 'pjlib_util.pdb' was not found with 'libpjproject-i386-Win32-vc14-Debug-Dynamic.lib(scanner.obj)' or at 'C:\Users\Artur\source\repos\TIP\Debug\pjlib_util.pdb'; linking object as if no debug info
libpjproject-i386-Win32-vc14-Debug-Dynamic.lib(resolver.obj) : warning LNK4099: PDB 'pjlib_util.pdb' was not found with 'libpjproject-i386-Win32-vc14-Debug-Dynamic.lib(resolver.obj)' or at 'C:\Users\Artur\source\repos\TIP\Debug\pjlib_util.pdb'; linking object as if no debug info
libpjproject-i386-Win32-vc14-Debug-Dynamic.lib(md5.obj) : warning LNK4099: PDB 'pjlib_util.pdb' was not found with 'libpjproject-i386-Win32-vc14-Debug-Dynamic.lib(md5.obj)' or at 'C:\Users\Artur\source\repos\TIP\Debug\pjlib_util.pdb'; linking object as if no debug info
libpjproject-i386-Win32-vc14-Debug-Dynamic.lib(hmac_sha1.obj) : warning LNK4099: PDB 'pjlib_util.pdb' was not found with 'libpjproject-i386-Win32-vc14-Debug-Dynamic.lib(hmac_sha1.obj)' or at 'C:\Users\Artur\source\repos\TIP\Debug\pjlib_util.pdb'; linking object as if no debug info
libpjproject-i386-Win32-vc14-Debug-Dynamic.lib(errno.obj) : warning LNK4099: PDB 'pjlib_util.pdb' was not found with 'libpjproject-i386-Win32-vc14-Debug-Dynamic.lib(errno.obj)' or at 'C:\Users\Artur\source\repos\TIP\Debug\pjlib_util.pdb'; linking object as if no debug info
libpjproject-i386-Win32-vc14-Debug-Dynamic.lib(dns.obj) : warning LNK4099: PDB 'pjlib_util.pdb' was not found with 'libpjproject-i386-Win32-vc14-Debug-Dynamic.lib(dns.obj)' or at 'C:\Users\Artur\source\repos\TIP\Debug\pjlib_util.pdb'; linking object as if no debug info
libpjproject-i386-Win32-vc14-Debug-Dynamic.lib(crc32.obj) : warning LNK4099: PDB 'pjlib_util.pdb' was not found with 'libpjproject-i386-Win32-vc14-Debug-Dynamic.lib(crc32.obj)' or at 'C:\Users\Artur\source\repos\TIP\Debug\pjlib_util.pdb'; linking object as if no debug info
libpjproject-i386-Win32-vc14-Debug-Dynamic.lib(base64.obj) : warning LNK4099: PDB 'pjlib_util.pdb' was not found with 'libpjproject-i386-Win32-vc14-Debug-Dynamic.lib(base64.obj)' or at 'C:\Users\Artur\source\repos\TIP\Debug\pjlib_util.pdb'; linking object as if no debug info
  TIP_proj.vcxproj -> C:\Users\Artur\source\repos\TIP\Debug\TIP_proj.exe
